============================= test session starts ==============================
platform linux -- Python 3.10.17, pytest-8.3.5, pluggy-1.5.0
rootdir: /app
configfile: pyproject.toml
plugins: mock-3.14.1, timeout-2.4.0, asyncio-1.0.0, anyio-4.9.0, cov-6.1.1, json-report-1.5.0, metadata-3.1.1
timeout: 120.0s
timeout method: signal
timeout func_only: False
asyncio: mode=strict, asyncio_default_fixture_loop_scope=function, asyncio_default_test_loop_scope=function
collected 520 items

tsercom/api/local_process/local_runtime_factory_factory_unittest.py FFFF [  0%]
F.F                                                                      [  1%]
tsercom/api/local_process/local_runtime_factory_unittest.py FFFF         [  2%]
tsercom/api/local_process/runtime_command_bridge_unittest.py ........... [  4%]
......                                                                   [  5%]
tsercom/api/local_process/runtime_wrapper_unittest.py .........          [  7%]
tsercom/api/runtime_manager_unittest.py .................                [ 10%]
tsercom/api/split_process/data_reader_sink_unittest.py ......            [ 11%]
tsercom/api/split_process/data_reader_source_unittest.py ..........      [ 13%]
tsercom/api/split_process/event_source_unittest.py .......               [ 14%]
tsercom/api/split_process/remote_runtime_factory_unittest.py EEEE        [ 15%]
tsercom/api/split_process/runtime_command_source_unittest.py .........   [ 17%]
tsercom/api/split_process/shim_runtime_handle_unittest.py ........       [ 18%]
tsercom/api/split_process/split_process_error_watcher_sink_unittest.py . [ 19%]
..                                                                       [ 19%]
tsercom/api/split_process/split_process_error_watcher_source_unittest.py . [ 19%]
......                                                                   [ 20%]
tsercom/api/split_process/split_runtime_factory_factory_unittest.py ..   [ 21%]
tsercom/caller_id/caller_id_map_unittest.py .....                        [ 22%]
tsercom/caller_id/caller_identifier_unittest.py ......F.......           [ 24%]
tsercom/caller_id/caller_identifier_waiter_unittest.py ....              [ 25%]
tsercom/caller_id/client_id_fetcher_unittest.py .......                  [ 26%]
tsercom/data/data_host_base_unittest.py .....                            [ 27%]
tsercom/data/data_timeout_tracker_unittest.py ..........                 [ 29%]
tsercom/data/exposed_data_with_responder_unittest.py .....               [ 30%]
tsercom/data/remote_data_aggregator_impl_unittest.py ................... [ 34%]
.                                                                        [ 34%]
tsercom/data/remote_data_organizer_unittest.py ......................... [ 39%]
.                                                                        [ 39%]
tsercom/discovery/discovery_host_unittest.py .......                     [ 40%]
tsercom/discovery/mdns/instance_listener_unittest.py ...........         [ 43%]
tsercom/discovery/mdns/instance_publisher_unittest.py .................. [ 46%]
.                                                                        [ 46%]
tsercom/discovery/service_connector_unittest.py ........                 [ 48%]
tsercom/discovery_e2etest.py ......                                      [ 49%]
tsercom/rpc/connection/client_disconnection_retrier_unittest.py .......  [ 50%]
tsercom/rpc/serialization/caller_id_extraction_unittest.py ............  [ 53%]
tsercom/rpc_e2etest.py .............                                     [ 55%]
tsercom/runtime/client/client_runtime_data_handler_unittest.py EEEEEE    [ 56%]
tsercom/runtime/client/timesync_tracker_unittest.py ......               [ 57%]
tsercom/runtime/id_tracker_unittest.py FF..F...F..FFFF                   [ 60%]
tsercom/runtime/runtime_config_unittest.py ...............               [ 63%]
tsercom/runtime/runtime_data_handler_base_unittest.py EEEEEEEEEEEEEEEEEE [ 67%]
EEEE                                                                     [ 67%]
tsercom/runtime/runtime_main_unittest.py FFF..                           [ 68%]
tsercom/runtime/server/server_runtime_data_handler_unittest.py EEEEE     [ 69%]
tsercom/runtime_e2etest.py FF....                                        [ 70%]
tsercom/threading/aio/aio_utils_unittest.py .......                      [ 72%]
tsercom/threading/aio/event_loop_factory_unittest.py .                   [ 72%]
tsercom/threading/aio/global_event_loop_unittest.py .........            [ 74%]
tsercom/threading/async_poller_unittest.py ...............               [ 77%]
tsercom/threading/atomic_unittest.py ......                              [ 78%]
tsercom/threading/multiprocess/multiprocess_queue_sink_unittest.py ....  [ 79%]
tsercom/threading/thread_safe_queue_unittest.py .......                  [ 80%]
tsercom/threading/thread_watcher_unittest.py ............                [ 82%]
tsercom/threading/throwing_thread_pool_executor_unittest.py ........     [ 84%]
tsercom/threading/throwing_thread_unittest.py .....s                     [ 85%]
tsercom/timesync/client/client_synchronized_clock_unittest.py .......... [ 87%]
                                                                         [ 87%]
tsercom/timesync/client/fake_time_sync_client_unittest.py ........       [ 88%]
tsercom/timesync/client/time_sync_client_unittest.py ..............      [ 91%]
tsercom/timesync/common/fake_synchronized_clock_unittest.py ...          [ 92%]
tsercom/timesync/common/synchronized_clock_unittest.py .....             [ 93%]
tsercom/timesync/common/synchronized_timestamp_unittest.py ............. [ 95%]
..                                                                       [ 95%]
tsercom/timesync/server/server_synchronized_clock_unittest.py ...        [ 96%]
tsercom/util/ip_unittest.py ........                                     [ 98%]
tsercom/util/is_running_tracker_unittest.py ........                     [ 99%]
tsercom/util/stopable_unittest.py ..                                     [100%]

==================================== ERRORS ====================================
_________________________ ERROR at setup of test_init __________________________

fake_initializer = <tsercom.api.split_process.remote_runtime_factory_unittest.FakeRuntimeInitializer object at 0x7f3de0696bf0>
fake_event_queue = <tsercom.api.split_process.remote_runtime_factory_unittest.FakeMultiprocessQueueSource object at 0x7f3de0a0add0>
fake_data_sink_queue = <tsercom.api.split_process.remote_runtime_factory_unittest.FakeMultiprocessQueueSink object at 0x7f3de0a0aec0>
fake_command_queue = <tsercom.api.split_process.remote_runtime_factory_unittest.FakeMultiprocessQueueSource object at 0x7f3de0a093c0>
patch_dependencies_in_module = None
mocker = <pytest_mock.plugin.MockerFixture object at 0x7f3de0a08550>

    @pytest.fixture
    def factory(
        fake_initializer,
        fake_event_queue,
        fake_data_sink_queue,
        fake_command_queue,
        patch_dependencies_in_module,
        mocker,  # Add mocker fixture
    ):
        # patch_dependencies_in_module ensures that when RemoteRuntimeFactory is created,
        # it will use the FakeEventSource, FakeDataReaderSink, etc., if it resolves them dynamically
        # or if the create() method resolves them from the module scope.
        # The prompt implies RemoteRuntimeFactory uses these classes internally in create(), so patching the module is key.

        # Make RemoteRuntimeFactory concrete for this test
        mocker.patch.multiple(RemoteRuntimeFactory, __abstractmethods__=set())

>       return RemoteRuntimeFactory(
            initializer=fake_initializer,
            event_source_queue=fake_event_queue,  # Changed to event_source_queue
            data_reader_queue=fake_data_sink_queue,  # Changed to data_reader_queue
            command_source_queue=fake_command_queue,  # Changed to command_source_queue
        )

tsercom/api/split_process/remote_runtime_factory_unittest.py:299:
_ _ _ _ _ _ _ _ _ _ _ _ _ _ _ _ _ _ _ _ _ _ _ _ _ _ _ _ _ _ _ _ _ _ _ _ _ _ _ _
tsercom/api/split_process/remote_runtime_factory.py:65: in __init__
    super().__init__(other_config=initializer)
_ _ _ _ _ _ _ _ _ _ _ _ _ _ _ _ _ _ _ _ _ _ _ _ _ _ _ _ _ _ _ _ _ _ _ _ _ _ _ _

self = <tsercom.api.split_process.remote_runtime_factory.RemoteRuntimeFactory object at 0x7f3de0a0bb50>
service_type = None

    def __init__(
        self,
        service_type: Optional[
            Literal["Client", "Server"] | ServiceType
        ] = None,
        *,
        other_config: Optional["RuntimeConfig[DataTypeT]"] = None,
        data_aggregator_client: Optional[
            RemoteDataAggregator.Client  # Changed
        ] = None,
        timeout_seconds: Optional[int] = 60,
        min_send_frequency_seconds: Optional[float] = None,
        auth_config: Optional[BaseChannelAuthConfig] = None,
    ):
        """Initializes the RuntimeConfig.

        Can be initialized by `service_type` and other parameters,
        or by providing an `other_config` instance to copy from.

        Args:
            service_type: 'Client', 'Server', or ServiceType enum.
            other_config: An existing `RuntimeConfig` to clone.
            data_aggregator_client: Optional client for data aggregation.
            timeout_seconds: Optional data timeout in seconds.
            auth_config: Optional channel authentication configuration.

        Raises:
            ValueError: If `service_type` and `other_config` are not mutually
                        exclusive, or `service_type` string is invalid.
        """
        if (service_type is None) == (other_config is None):
            # Using f-string for ValueError as Pylint prefers it over %-style here
            other_config_str = (
                "<Provided>" if other_config is not None else None
            )
            raise ValueError(
                "Exactly one of 'service_type' or 'other_config' must be "
                f"provided. Got service_type={service_type}, "
                f"other_config={other_config_str}."
            )

        if other_config is not None:
            # Call __init__ again without 'other_config', using primary
            # constructor logic with values from other_config.
            # pylint: disable=non-parent-init-called # Recursive call for cloning
            RuntimeConfig.__init__(
                self,
                service_type=other_config.service_type_enum,
                data_aggregator_client=other_config.data_aggregator_client,
                timeout_seconds=other_config.timeout_seconds,
>               min_send_frequency_seconds=other_config.min_send_frequency_seconds,
                auth_config=other_config.auth_config,
            )
E           AttributeError: 'FakeRuntimeInitializer' object has no attribute 'min_send_frequency_seconds'

tsercom/runtime/runtime_config.py:107: AttributeError
_____________________ ERROR at setup of test_create_method _____________________

fake_initializer = <tsercom.api.split_process.remote_runtime_factory_unittest.FakeRuntimeInitializer object at 0x7f3de3ab59f0>
fake_event_queue = <tsercom.api.split_process.remote_runtime_factory_unittest.FakeMultiprocessQueueSource object at 0x7f3de3ab4e20>
fake_data_sink_queue = <tsercom.api.split_process.remote_runtime_factory_unittest.FakeMultiprocessQueueSink object at 0x7f3de134c190>
fake_command_queue = <tsercom.api.split_process.remote_runtime_factory_unittest.FakeMultiprocessQueueSource object at 0x7f3de134f910>
patch_dependencies_in_module = None
mocker = <pytest_mock.plugin.MockerFixture object at 0x7f3de134d660>

    @pytest.fixture
    def factory(
        fake_initializer,
        fake_event_queue,
        fake_data_sink_queue,
        fake_command_queue,
        patch_dependencies_in_module,
        mocker,  # Add mocker fixture
    ):
        # patch_dependencies_in_module ensures that when RemoteRuntimeFactory is created,
        # it will use the FakeEventSource, FakeDataReaderSink, etc., if it resolves them dynamically
        # or if the create() method resolves them from the module scope.
        # The prompt implies RemoteRuntimeFactory uses these classes internally in create(), so patching the module is key.

        # Make RemoteRuntimeFactory concrete for this test
        mocker.patch.multiple(RemoteRuntimeFactory, __abstractmethods__=set())

>       return RemoteRuntimeFactory(
            initializer=fake_initializer,
            event_source_queue=fake_event_queue,  # Changed to event_source_queue
            data_reader_queue=fake_data_sink_queue,  # Changed to data_reader_queue
            command_source_queue=fake_command_queue,  # Changed to command_source_queue
        )

tsercom/api/split_process/remote_runtime_factory_unittest.py:299:
_ _ _ _ _ _ _ _ _ _ _ _ _ _ _ _ _ _ _ _ _ _ _ _ _ _ _ _ _ _ _ _ _ _ _ _ _ _ _ _
tsercom/api/split_process/remote_runtime_factory.py:65: in __init__
    super().__init__(other_config=initializer)
_ _ _ _ _ _ _ _ _ _ _ _ _ _ _ _ _ _ _ _ _ _ _ _ _ _ _ _ _ _ _ _ _ _ _ _ _ _ _ _

self = <tsercom.api.split_process.remote_runtime_factory.RemoteRuntimeFactory object at 0x7f3de14cce50>
service_type = None

    def __init__(
        self,
        service_type: Optional[
            Literal["Client", "Server"] | ServiceType
        ] = None,
        *,
        other_config: Optional["RuntimeConfig[DataTypeT]"] = None,
        data_aggregator_client: Optional[
            RemoteDataAggregator.Client  # Changed
        ] = None,
        timeout_seconds: Optional[int] = 60,
        min_send_frequency_seconds: Optional[float] = None,
        auth_config: Optional[BaseChannelAuthConfig] = None,
    ):
        """Initializes the RuntimeConfig.

        Can be initialized by `service_type` and other parameters,
        or by providing an `other_config` instance to copy from.

        Args:
            service_type: 'Client', 'Server', or ServiceType enum.
            other_config: An existing `RuntimeConfig` to clone.
            data_aggregator_client: Optional client for data aggregation.
            timeout_seconds: Optional data timeout in seconds.
            auth_config: Optional channel authentication configuration.

        Raises:
            ValueError: If `service_type` and `other_config` are not mutually
                        exclusive, or `service_type` string is invalid.
        """
        if (service_type is None) == (other_config is None):
            # Using f-string for ValueError as Pylint prefers it over %-style here
            other_config_str = (
                "<Provided>" if other_config is not None else None
            )
            raise ValueError(
                "Exactly one of 'service_type' or 'other_config' must be "
                f"provided. Got service_type={service_type}, "
                f"other_config={other_config_str}."
            )

        if other_config is not None:
            # Call __init__ again without 'other_config', using primary
            # constructor logic with values from other_config.
            # pylint: disable=non-parent-init-called # Recursive call for cloning
            RuntimeConfig.__init__(
                self,
                service_type=other_config.service_type_enum,
                data_aggregator_client=other_config.data_aggregator_client,
                timeout_seconds=other_config.timeout_seconds,
>               min_send_frequency_seconds=other_config.min_send_frequency_seconds,
                auth_config=other_config.auth_config,
            )
E           AttributeError: 'FakeRuntimeInitializer' object has no attribute 'min_send_frequency_seconds'

tsercom/runtime/runtime_config.py:107: AttributeError
_______________ ERROR at setup of test_remote_data_reader_method _______________

fake_initializer = <tsercom.api.split_process.remote_runtime_factory_unittest.FakeRuntimeInitializer object at 0x7f3de0a083a0>
fake_event_queue = <tsercom.api.split_process.remote_runtime_factory_unittest.FakeMultiprocessQueueSource object at 0x7f3de0a0a620>
fake_data_sink_queue = <tsercom.api.split_process.remote_runtime_factory_unittest.FakeMultiprocessQueueSink object at 0x7f3de0a0add0>
fake_command_queue = <tsercom.api.split_process.remote_runtime_factory_unittest.FakeMultiprocessQueueSource object at 0x7f3de0a09030>
patch_dependencies_in_module = None
mocker = <pytest_mock.plugin.MockerFixture object at 0x7f3de058e830>

    @pytest.fixture
    def factory(
        fake_initializer,
        fake_event_queue,
        fake_data_sink_queue,
        fake_command_queue,
        patch_dependencies_in_module,
        mocker,  # Add mocker fixture
    ):
        # patch_dependencies_in_module ensures that when RemoteRuntimeFactory is created,
        # it will use the FakeEventSource, FakeDataReaderSink, etc., if it resolves them dynamically
        # or if the create() method resolves them from the module scope.
        # The prompt implies RemoteRuntimeFactory uses these classes internally in create(), so patching the module is key.

        # Make RemoteRuntimeFactory concrete for this test
        mocker.patch.multiple(RemoteRuntimeFactory, __abstractmethods__=set())

>       return RemoteRuntimeFactory(
            initializer=fake_initializer,
            event_source_queue=fake_event_queue,  # Changed to event_source_queue
            data_reader_queue=fake_data_sink_queue,  # Changed to data_reader_queue
            command_source_queue=fake_command_queue,  # Changed to command_source_queue
        )

tsercom/api/split_process/remote_runtime_factory_unittest.py:299:
_ _ _ _ _ _ _ _ _ _ _ _ _ _ _ _ _ _ _ _ _ _ _ _ _ _ _ _ _ _ _ _ _ _ _ _ _ _ _ _
tsercom/api/split_process/remote_runtime_factory.py:65: in __init__
    super().__init__(other_config=initializer)
_ _ _ _ _ _ _ _ _ _ _ _ _ _ _ _ _ _ _ _ _ _ _ _ _ _ _ _ _ _ _ _ _ _ _ _ _ _ _ _

self = <tsercom.api.split_process.remote_runtime_factory.RemoteRuntimeFactory object at 0x7f3de1524b80>
service_type = None

    def __init__(
        self,
        service_type: Optional[
            Literal["Client", "Server"] | ServiceType
        ] = None,
        *,
        other_config: Optional["RuntimeConfig[DataTypeT]"] = None,
        data_aggregator_client: Optional[
            RemoteDataAggregator.Client  # Changed
        ] = None,
        timeout_seconds: Optional[int] = 60,
        min_send_frequency_seconds: Optional[float] = None,
        auth_config: Optional[BaseChannelAuthConfig] = None,
    ):
        """Initializes the RuntimeConfig.

        Can be initialized by `service_type` and other parameters,
        or by providing an `other_config` instance to copy from.

        Args:
            service_type: 'Client', 'Server', or ServiceType enum.
            other_config: An existing `RuntimeConfig` to clone.
            data_aggregator_client: Optional client for data aggregation.
            timeout_seconds: Optional data timeout in seconds.
            auth_config: Optional channel authentication configuration.

        Raises:
            ValueError: If `service_type` and `other_config` are not mutually
                        exclusive, or `service_type` string is invalid.
        """
        if (service_type is None) == (other_config is None):
            # Using f-string for ValueError as Pylint prefers it over %-style here
            other_config_str = (
                "<Provided>" if other_config is not None else None
            )
            raise ValueError(
                "Exactly one of 'service_type' or 'other_config' must be "
                f"provided. Got service_type={service_type}, "
                f"other_config={other_config_str}."
            )

        if other_config is not None:
            # Call __init__ again without 'other_config', using primary
            # constructor logic with values from other_config.
            # pylint: disable=non-parent-init-called # Recursive call for cloning
            RuntimeConfig.__init__(
                self,
                service_type=other_config.service_type_enum,
                data_aggregator_client=other_config.data_aggregator_client,
                timeout_seconds=other_config.timeout_seconds,
>               min_send_frequency_seconds=other_config.min_send_frequency_seconds,
                auth_config=other_config.auth_config,
            )
E           AttributeError: 'FakeRuntimeInitializer' object has no attribute 'min_send_frequency_seconds'

tsercom/runtime/runtime_config.py:107: AttributeError
__________________ ERROR at setup of test_event_poller_method __________________

fake_initializer = <tsercom.api.split_process.remote_runtime_factory_unittest.FakeRuntimeInitializer object at 0x7f3de0695f90>
fake_event_queue = <tsercom.api.split_process.remote_runtime_factory_unittest.FakeMultiprocessQueueSource object at 0x7f3de0695000>
fake_data_sink_queue = <tsercom.api.split_process.remote_runtime_factory_unittest.FakeMultiprocessQueueSink object at 0x7f3de0694850>
fake_command_queue = <tsercom.api.split_process.remote_runtime_factory_unittest.FakeMultiprocessQueueSource object at 0x7f3de0695930>
patch_dependencies_in_module = None
mocker = <pytest_mock.plugin.MockerFixture object at 0x7f3de0697d90>

    @pytest.fixture
    def factory(
        fake_initializer,
        fake_event_queue,
        fake_data_sink_queue,
        fake_command_queue,
        patch_dependencies_in_module,
        mocker,  # Add mocker fixture
    ):
        # patch_dependencies_in_module ensures that when RemoteRuntimeFactory is created,
        # it will use the FakeEventSource, FakeDataReaderSink, etc., if it resolves them dynamically
        # or if the create() method resolves them from the module scope.
        # The prompt implies RemoteRuntimeFactory uses these classes internally in create(), so patching the module is key.

        # Make RemoteRuntimeFactory concrete for this test
        mocker.patch.multiple(RemoteRuntimeFactory, __abstractmethods__=set())

>       return RemoteRuntimeFactory(
            initializer=fake_initializer,
            event_source_queue=fake_event_queue,  # Changed to event_source_queue
            data_reader_queue=fake_data_sink_queue,  # Changed to data_reader_queue
            command_source_queue=fake_command_queue,  # Changed to command_source_queue
        )

tsercom/api/split_process/remote_runtime_factory_unittest.py:299:
_ _ _ _ _ _ _ _ _ _ _ _ _ _ _ _ _ _ _ _ _ _ _ _ _ _ _ _ _ _ _ _ _ _ _ _ _ _ _ _
tsercom/api/split_process/remote_runtime_factory.py:65: in __init__
    super().__init__(other_config=initializer)
_ _ _ _ _ _ _ _ _ _ _ _ _ _ _ _ _ _ _ _ _ _ _ _ _ _ _ _ _ _ _ _ _ _ _ _ _ _ _ _

self = <tsercom.api.split_process.remote_runtime_factory.RemoteRuntimeFactory object at 0x7f3de06958d0>
service_type = None

    def __init__(
        self,
        service_type: Optional[
            Literal["Client", "Server"] | ServiceType
        ] = None,
        *,
        other_config: Optional["RuntimeConfig[DataTypeT]"] = None,
        data_aggregator_client: Optional[
            RemoteDataAggregator.Client  # Changed
        ] = None,
        timeout_seconds: Optional[int] = 60,
        min_send_frequency_seconds: Optional[float] = None,
        auth_config: Optional[BaseChannelAuthConfig] = None,
    ):
        """Initializes the RuntimeConfig.

        Can be initialized by `service_type` and other parameters,
        or by providing an `other_config` instance to copy from.

        Args:
            service_type: 'Client', 'Server', or ServiceType enum.
            other_config: An existing `RuntimeConfig` to clone.
            data_aggregator_client: Optional client for data aggregation.
            timeout_seconds: Optional data timeout in seconds.
            auth_config: Optional channel authentication configuration.

        Raises:
            ValueError: If `service_type` and `other_config` are not mutually
                        exclusive, or `service_type` string is invalid.
        """
        if (service_type is None) == (other_config is None):
            # Using f-string for ValueError as Pylint prefers it over %-style here
            other_config_str = (
                "<Provided>" if other_config is not None else None
            )
            raise ValueError(
                "Exactly one of 'service_type' or 'other_config' must be "
                f"provided. Got service_type={service_type}, "
                f"other_config={other_config_str}."
            )

        if other_config is not None:
            # Call __init__ again without 'other_config', using primary
            # constructor logic with values from other_config.
            # pylint: disable=non-parent-init-called # Recursive call for cloning
            RuntimeConfig.__init__(
                self,
                service_type=other_config.service_type_enum,
                data_aggregator_client=other_config.data_aggregator_client,
                timeout_seconds=other_config.timeout_seconds,
>               min_send_frequency_seconds=other_config.min_send_frequency_seconds,
                auth_config=other_config.auth_config,
            )
E           AttributeError: 'FakeRuntimeInitializer' object has no attribute 'min_send_frequency_seconds'

tsercom/runtime/runtime_config.py:107: AttributeError
___________ ERROR at setup of TestClientRuntimeDataHandler.test_init ___________

self = <tsercom.runtime.client.client_runtime_data_handler_unittest.TestClientRuntimeDataHandler object at 0x7f3de1298af0>
mock_thread_watcher = <MagicMock spec='ThreadWatcher' id='139903733207232'>
mock_data_reader = <MagicMock spec='RemoteDataReader' id='139903740176480'>
mock_event_source_poller = <MagicMock spec='AsyncPoller' id='139903740168032'>
mock_time_sync_tracker_instance = <MagicMock spec='TimeSyncTracker' id='139903733203008'>
mock_id_tracker_instance = <MagicMock spec='IdTracker' id='139903740166208'>
mocker = <pytest_mock.plugin.MockerFixture object at 0x7f3de0523160>

    @pytest.fixture
    def handler_and_class_mocks(
        self,
        mock_thread_watcher,
        mock_data_reader,
        mock_event_source_poller,
        mock_time_sync_tracker_instance,
        mock_id_tracker_instance,
        mocker,
    ):
        """Sets up handler instance with mocked class dependencies (TimeSyncTracker, IdTracker)."""
        mock_TimeSyncTracker_class = mocker.patch(
            "tsercom.runtime.client.client_runtime_data_handler.TimeSyncTracker",
            return_value=mock_time_sync_tracker_instance,
            autospec=True,
        )
>       mock_IdTracker_class = mocker.patch(
            "tsercom.runtime.client.client_runtime_data_handler.IdTracker",
            return_value=mock_id_tracker_instance,
            autospec=True,
        )

tsercom/runtime/client/client_runtime_data_handler_unittest.py:67:
_ _ _ _ _ _ _ _ _ _ _ _ _ _ _ _ _ _ _ _ _ _ _ _ _ _ _ _ _ _ _ _ _ _ _ _ _ _ _ _
/home/swebot/.local/lib/python3.10/site-packages/pytest_mock/plugin.py:439: in __call__
    return self._start_patch(
/home/swebot/.local/lib/python3.10/site-packages/pytest_mock/plugin.py:257: in _start_patch
    mocked: MockType = p.start()
/usr/lib/python3.10/unittest/mock.py:1595: in start
    result = self.__enter__()
/usr/lib/python3.10/unittest/mock.py:1447: in __enter__
    original, local = self.get_original()
_ _ _ _ _ _ _ _ _ _ _ _ _ _ _ _ _ _ _ _ _ _ _ _ _ _ _ _ _ _ _ _ _ _ _ _ _ _ _ _

self = <unittest.mock._patch object at 0x7f3de1371ed0>

    def get_original(self):
        target = self.getter()
        name = self.attribute

        original = DEFAULT
        local = False

        try:
            original = target.__dict__[name]
        except (AttributeError, KeyError):
            original = getattr(target, name, DEFAULT)
        else:
            local = True

        if name in _builtins and isinstance(target, ModuleType):
            self.create = True

        if not self.create and original is DEFAULT:
>           raise AttributeError(
                "%s does not have the attribute %r" % (target, name)
            )
E           AttributeError: <module 'tsercom.runtime.client.client_runtime_data_handler' from '/app/tsercom/runtime/client/client_runtime_data_handler.py'> does not have the attribute 'IdTracker'

/usr/lib/python3.10/unittest/mock.py:1420: AttributeError
_____ ERROR at setup of TestClientRuntimeDataHandler.test_register_caller ______

self = <tsercom.runtime.client.client_runtime_data_handler_unittest.TestClientRuntimeDataHandler object at 0x7f3de129b6a0>
mock_thread_watcher = <MagicMock spec='ThreadWatcher' id='139903748694336'>
mock_data_reader = <MagicMock spec='RemoteDataReader' id='139903748699232'>
mock_event_source_poller = <MagicMock spec='AsyncPoller' id='139903748698512'>
mock_time_sync_tracker_instance = <MagicMock spec='TimeSyncTracker' id='139903748699664'>
mock_id_tracker_instance = <MagicMock spec='IdTracker' id='139903733652192'>
mocker = <pytest_mock.plugin.MockerFixture object at 0x7f3de13e4730>

    @pytest.fixture
    def handler_and_class_mocks(
        self,
        mock_thread_watcher,
        mock_data_reader,
        mock_event_source_poller,
        mock_time_sync_tracker_instance,
        mock_id_tracker_instance,
        mocker,
    ):
        """Sets up handler instance with mocked class dependencies (TimeSyncTracker, IdTracker)."""
        mock_TimeSyncTracker_class = mocker.patch(
            "tsercom.runtime.client.client_runtime_data_handler.TimeSyncTracker",
            return_value=mock_time_sync_tracker_instance,
            autospec=True,
        )
>       mock_IdTracker_class = mocker.patch(
            "tsercom.runtime.client.client_runtime_data_handler.IdTracker",
            return_value=mock_id_tracker_instance,
            autospec=True,
        )

tsercom/runtime/client/client_runtime_data_handler_unittest.py:67:
_ _ _ _ _ _ _ _ _ _ _ _ _ _ _ _ _ _ _ _ _ _ _ _ _ _ _ _ _ _ _ _ _ _ _ _ _ _ _ _
/home/swebot/.local/lib/python3.10/site-packages/pytest_mock/plugin.py:439: in __call__
    return self._start_patch(
/home/swebot/.local/lib/python3.10/site-packages/pytest_mock/plugin.py:257: in _start_patch
    mocked: MockType = p.start()
/usr/lib/python3.10/unittest/mock.py:1595: in start
    result = self.__enter__()
/usr/lib/python3.10/unittest/mock.py:1447: in __enter__
    original, local = self.get_original()
_ _ _ _ _ _ _ _ _ _ _ _ _ _ _ _ _ _ _ _ _ _ _ _ _ _ _ _ _ _ _ _ _ _ _ _ _ _ _ _

self = <unittest.mock._patch object at 0x7f3de058f9a0>

    def get_original(self):
        target = self.getter()
        name = self.attribute

        original = DEFAULT
        local = False

        try:
            original = target.__dict__[name]
        except (AttributeError, KeyError):
            original = getattr(target, name, DEFAULT)
        else:
            local = True

        if name in _builtins and isinstance(target, ModuleType):
            self.create = True

        if not self.create and original is DEFAULT:
>           raise AttributeError(
                "%s does not have the attribute %r" % (target, name)
            )
E           AttributeError: <module 'tsercom.runtime.client.client_runtime_data_handler' from '/app/tsercom/runtime/client/client_runtime_data_handler.py'> does not have the attribute 'IdTracker'

/usr/lib/python3.10/unittest/mock.py:1420: AttributeError
_ ERROR at setup of TestClientRuntimeDataHandler.test_unregister_caller_valid_id _

self = <tsercom.runtime.client.client_runtime_data_handler_unittest.TestClientRuntimeDataHandler object at 0x7f3de1298c10>
mock_thread_watcher = <MagicMock spec='ThreadWatcher' id='139903733983952'>
mock_data_reader = <MagicMock spec='RemoteDataReader' id='139903733987984'>
mock_event_source_poller = <MagicMock spec='AsyncPoller' id='139903733985008'>
mock_time_sync_tracker_instance = <MagicMock spec='TimeSyncTracker' id='139903733986832'>
mock_id_tracker_instance = <MagicMock spec='IdTracker' id='139903733984480'>
mocker = <pytest_mock.plugin.MockerFixture object at 0x7f3de05dea10>

    @pytest.fixture
    def handler_and_class_mocks(
        self,
        mock_thread_watcher,
        mock_data_reader,
        mock_event_source_poller,
        mock_time_sync_tracker_instance,
        mock_id_tracker_instance,
        mocker,
    ):
        """Sets up handler instance with mocked class dependencies (TimeSyncTracker, IdTracker)."""
        mock_TimeSyncTracker_class = mocker.patch(
            "tsercom.runtime.client.client_runtime_data_handler.TimeSyncTracker",
            return_value=mock_time_sync_tracker_instance,
            autospec=True,
        )
>       mock_IdTracker_class = mocker.patch(
            "tsercom.runtime.client.client_runtime_data_handler.IdTracker",
            return_value=mock_id_tracker_instance,
            autospec=True,
        )

tsercom/runtime/client/client_runtime_data_handler_unittest.py:67:
_ _ _ _ _ _ _ _ _ _ _ _ _ _ _ _ _ _ _ _ _ _ _ _ _ _ _ _ _ _ _ _ _ _ _ _ _ _ _ _
/home/swebot/.local/lib/python3.10/site-packages/pytest_mock/plugin.py:439: in __call__
    return self._start_patch(
/home/swebot/.local/lib/python3.10/site-packages/pytest_mock/plugin.py:257: in _start_patch
    mocked: MockType = p.start()
/usr/lib/python3.10/unittest/mock.py:1595: in start
    result = self.__enter__()
/usr/lib/python3.10/unittest/mock.py:1447: in __enter__
    original, local = self.get_original()
_ _ _ _ _ _ _ _ _ _ _ _ _ _ _ _ _ _ _ _ _ _ _ _ _ _ _ _ _ _ _ _ _ _ _ _ _ _ _ _

self = <unittest.mock._patch object at 0x7f3de05df7c0>

    def get_original(self):
        target = self.getter()
        name = self.attribute

        original = DEFAULT
        local = False

        try:
            original = target.__dict__[name]
        except (AttributeError, KeyError):
            original = getattr(target, name, DEFAULT)
        else:
            local = True

        if name in _builtins and isinstance(target, ModuleType):
            self.create = True

        if not self.create and original is DEFAULT:
>           raise AttributeError(
                "%s does not have the attribute %r" % (target, name)
            )
E           AttributeError: <module 'tsercom.runtime.client.client_runtime_data_handler' from '/app/tsercom/runtime/client/client_runtime_data_handler.py'> does not have the attribute 'IdTracker'

/usr/lib/python3.10/unittest/mock.py:1420: AttributeError
_ ERROR at setup of TestClientRuntimeDataHandler.test_unregister_caller_invalid_id_not_found _

self = <tsercom.runtime.client.client_runtime_data_handler_unittest.TestClientRuntimeDataHandler object at 0x7f3de1298d60>
mock_thread_watcher = <MagicMock spec='ThreadWatcher' id='139903732395376'>
mock_data_reader = <MagicMock spec='RemoteDataReader' id='139903732389856'>
mock_event_source_poller = <MagicMock spec='AsyncPoller' id='139903732383904'>
mock_time_sync_tracker_instance = <MagicMock spec='TimeSyncTracker' id='139903732399264'>
mock_id_tracker_instance = <MagicMock spec='IdTracker' id='139903732390000'>
mocker = <pytest_mock.plugin.MockerFixture object at 0x7f3de0459e70>

    @pytest.fixture
    def handler_and_class_mocks(
        self,
        mock_thread_watcher,
        mock_data_reader,
        mock_event_source_poller,
        mock_time_sync_tracker_instance,
        mock_id_tracker_instance,
        mocker,
    ):
        """Sets up handler instance with mocked class dependencies (TimeSyncTracker, IdTracker)."""
        mock_TimeSyncTracker_class = mocker.patch(
            "tsercom.runtime.client.client_runtime_data_handler.TimeSyncTracker",
            return_value=mock_time_sync_tracker_instance,
            autospec=True,
        )
>       mock_IdTracker_class = mocker.patch(
            "tsercom.runtime.client.client_runtime_data_handler.IdTracker",
            return_value=mock_id_tracker_instance,
            autospec=True,
        )

tsercom/runtime/client/client_runtime_data_handler_unittest.py:67:
_ _ _ _ _ _ _ _ _ _ _ _ _ _ _ _ _ _ _ _ _ _ _ _ _ _ _ _ _ _ _ _ _ _ _ _ _ _ _ _
/home/swebot/.local/lib/python3.10/site-packages/pytest_mock/plugin.py:439: in __call__
    return self._start_patch(
/home/swebot/.local/lib/python3.10/site-packages/pytest_mock/plugin.py:257: in _start_patch
    mocked: MockType = p.start()
/usr/lib/python3.10/unittest/mock.py:1595: in start
    result = self.__enter__()
/usr/lib/python3.10/unittest/mock.py:1447: in __enter__
    original, local = self.get_original()
_ _ _ _ _ _ _ _ _ _ _ _ _ _ _ _ _ _ _ _ _ _ _ _ _ _ _ _ _ _ _ _ _ _ _ _ _ _ _ _

self = <unittest.mock._patch object at 0x7f3de14dd120>

    def get_original(self):
        target = self.getter()
        name = self.attribute

        original = DEFAULT
        local = False

        try:
            original = target.__dict__[name]
        except (AttributeError, KeyError):
            original = getattr(target, name, DEFAULT)
        else:
            local = True

        if name in _builtins and isinstance(target, ModuleType):
            self.create = True

        if not self.create and original is DEFAULT:
>           raise AttributeError(
                "%s does not have the attribute %r" % (target, name)
            )
E           AttributeError: <module 'tsercom.runtime.client.client_runtime_data_handler' from '/app/tsercom/runtime/client/client_runtime_data_handler.py'> does not have the attribute 'IdTracker'

/usr/lib/python3.10/unittest/mock.py:1420: AttributeError
____ ERROR at setup of TestClientRuntimeDataHandler.test_try_get_caller_id _____

self = <tsercom.runtime.client.client_runtime_data_handler_unittest.TestClientRuntimeDataHandler object at 0x7f3de1298d90>
mock_thread_watcher = <MagicMock spec='ThreadWatcher' id='139903733419408'>
mock_data_reader = <MagicMock spec='RemoteDataReader' id='139903733421424'>
mock_event_source_poller = <MagicMock spec='AsyncPoller' id='139903733427280'>
mock_time_sync_tracker_instance = <MagicMock spec='TimeSyncTracker' id='139903733421904'>
mock_id_tracker_instance = <MagicMock spec='IdTracker' id='139903733431648'>
mocker = <pytest_mock.plugin.MockerFixture object at 0x7f3de0557a60>

    @pytest.fixture
    def handler_and_class_mocks(
        self,
        mock_thread_watcher,
        mock_data_reader,
        mock_event_source_poller,
        mock_time_sync_tracker_instance,
        mock_id_tracker_instance,
        mocker,
    ):
        """Sets up handler instance with mocked class dependencies (TimeSyncTracker, IdTracker)."""
        mock_TimeSyncTracker_class = mocker.patch(
            "tsercom.runtime.client.client_runtime_data_handler.TimeSyncTracker",
            return_value=mock_time_sync_tracker_instance,
            autospec=True,
        )
>       mock_IdTracker_class = mocker.patch(
            "tsercom.runtime.client.client_runtime_data_handler.IdTracker",
            return_value=mock_id_tracker_instance,
            autospec=True,
        )

tsercom/runtime/client/client_runtime_data_handler_unittest.py:67:
_ _ _ _ _ _ _ _ _ _ _ _ _ _ _ _ _ _ _ _ _ _ _ _ _ _ _ _ _ _ _ _ _ _ _ _ _ _ _ _
/home/swebot/.local/lib/python3.10/site-packages/pytest_mock/plugin.py:439: in __call__
    return self._start_patch(
/home/swebot/.local/lib/python3.10/site-packages/pytest_mock/plugin.py:257: in _start_patch
    mocked: MockType = p.start()
/usr/lib/python3.10/unittest/mock.py:1595: in start
    result = self.__enter__()
/usr/lib/python3.10/unittest/mock.py:1447: in __enter__
    original, local = self.get_original()
_ _ _ _ _ _ _ _ _ _ _ _ _ _ _ _ _ _ _ _ _ _ _ _ _ _ _ _ _ _ _ _ _ _ _ _ _ _ _ _

self = <unittest.mock._patch object at 0x7f3de0556da0>

    def get_original(self):
        target = self.getter()
        name = self.attribute

        original = DEFAULT
        local = False

        try:
            original = target.__dict__[name]
        except (AttributeError, KeyError):
            original = getattr(target, name, DEFAULT)
        else:
            local = True

        if name in _builtins and isinstance(target, ModuleType):
            self.create = True

        if not self.create and original is DEFAULT:
>           raise AttributeError(
                "%s does not have the attribute %r" % (target, name)
            )
E           AttributeError: <module 'tsercom.runtime.client.client_runtime_data_handler' from '/app/tsercom/runtime/client/client_runtime_data_handler.py'> does not have the attribute 'IdTracker'

/usr/lib/python3.10/unittest/mock.py:1420: AttributeError
_ ERROR at setup of TestClientRuntimeDataHandler.test_try_get_caller_id_not_found _

self = <tsercom.runtime.client.client_runtime_data_handler_unittest.TestClientRuntimeDataHandler object at 0x7f3de129b730>
mock_thread_watcher = <MagicMock spec='ThreadWatcher' id='139903731445872'>
mock_data_reader = <MagicMock spec='RemoteDataReader' id='139903750389088'>
mock_event_source_poller = <MagicMock spec='AsyncPoller' id='139903731446208'>
mock_time_sync_tracker_instance = <MagicMock spec='TimeSyncTracker' id='139903750386256'>
mock_id_tracker_instance = <MagicMock spec='IdTracker' id='139903731446640'>
mocker = <pytest_mock.plugin.MockerFixture object at 0x7f3de0373eb0>

    @pytest.fixture
    def handler_and_class_mocks(
        self,
        mock_thread_watcher,
        mock_data_reader,
        mock_event_source_poller,
        mock_time_sync_tracker_instance,
        mock_id_tracker_instance,
        mocker,
    ):
        """Sets up handler instance with mocked class dependencies (TimeSyncTracker, IdTracker)."""
        mock_TimeSyncTracker_class = mocker.patch(
            "tsercom.runtime.client.client_runtime_data_handler.TimeSyncTracker",
            return_value=mock_time_sync_tracker_instance,
            autospec=True,
        )
>       mock_IdTracker_class = mocker.patch(
            "tsercom.runtime.client.client_runtime_data_handler.IdTracker",
            return_value=mock_id_tracker_instance,
            autospec=True,
        )

tsercom/runtime/client/client_runtime_data_handler_unittest.py:67:
_ _ _ _ _ _ _ _ _ _ _ _ _ _ _ _ _ _ _ _ _ _ _ _ _ _ _ _ _ _ _ _ _ _ _ _ _ _ _ _
/home/swebot/.local/lib/python3.10/site-packages/pytest_mock/plugin.py:439: in __call__
    return self._start_patch(
/home/swebot/.local/lib/python3.10/site-packages/pytest_mock/plugin.py:257: in _start_patch
    mocked: MockType = p.start()
/usr/lib/python3.10/unittest/mock.py:1595: in start
    result = self.__enter__()
/usr/lib/python3.10/unittest/mock.py:1447: in __enter__
    original, local = self.get_original()
_ _ _ _ _ _ _ _ _ _ _ _ _ _ _ _ _ _ _ _ _ _ _ _ _ _ _ _ _ _ _ _ _ _ _ _ _ _ _ _

self = <unittest.mock._patch object at 0x7f3de0371540>

    def get_original(self):
        target = self.getter()
        name = self.attribute

        original = DEFAULT
        local = False

        try:
            original = target.__dict__[name]
        except (AttributeError, KeyError):
            original = getattr(target, name, DEFAULT)
        else:
            local = True

        if name in _builtins and isinstance(target, ModuleType):
            self.create = True

        if not self.create and original is DEFAULT:
>           raise AttributeError(
                "%s does not have the attribute %r" % (target, name)
            )
E           AttributeError: <module 'tsercom.runtime.client.client_runtime_data_handler' from '/app/tsercom/runtime/client/client_runtime_data_handler.py'> does not have the attribute 'IdTracker'

/usr/lib/python3.10/unittest/mock.py:1420: AttributeError
____ ERROR at setup of TestRuntimeDataHandlerBaseBehavior.test_constructor _____

self = <tsercom.runtime.runtime_data_handler_base_unittest.TestRuntimeDataHandlerBaseBehavior object at 0x7f3de0a367d0>
mock_data_reader = <MagicMock spec='RemoteDataReader' id='139903733165520'>
mock_event_source = <MagicMock spec='AsyncPoller' id='139903733908288'>
mocker = <pytest_mock.plugin.MockerFixture object at 0x7f3de0517bb0>

    @pytest.fixture
    def handler(self, mock_data_reader, mock_event_source, mocker):
>       return TestableRuntimeDataHandler(
            mock_data_reader, mock_event_source, mocker
        )

tsercom/runtime/runtime_data_handler_base_unittest.py:156:
_ _ _ _ _ _ _ _ _ _ _ _ _ _ _ _ _ _ _ _ _ _ _ _ _ _ _ _ _ _ _ _ _ _ _ _ _ _ _ _
tsercom/runtime/runtime_data_handler_base_unittest.py:61: in __init__
    super().__init__(data_reader, event_source)
tsercom/runtime/runtime_data_handler_base.py:72: in __init__
    run_on_event_loop(self.__dispatch_poller_data_loop)
tsercom/threading/aio/aio_utils.py:88: in run_on_event_loop
    event_loop = get_global_event_loop()
_ _ _ _ _ _ _ _ _ _ _ _ _ _ _ _ _ _ _ _ _ _ _ _ _ _ _ _ _ _ _ _ _ _ _ _ _ _ _ _

    def get_global_event_loop() -> AbstractEventLoop:
        """Retrieves the global event loop used by tsercom.

        Asserts that the event loop has been set before calling.

        Returns:
            AbstractEventLoop: The global asyncio event loop.

        Raises:
            AssertionError: If global event loop has not been set.
        """
        # No 'global' needed for read-only access
        assert (
>           __g_global_event_loop is not None
        ), "Global event loop accessed before being set."
E       AssertionError: Global event loop accessed before being set.

tsercom/threading/aio/global_event_loop.py:57: AssertionError
_ ERROR at setup of TestRuntimeDataHandlerBaseBehavior.test_register_caller_endpoint_port _

self = <tsercom.runtime.runtime_data_handler_base_unittest.TestRuntimeDataHandlerBaseBehavior object at 0x7f3de0a36e90>
mock_data_reader = <MagicMock spec='RemoteDataReader' id='139903733043872'>
mock_event_source = <MagicMock spec='AsyncPoller' id='139903749683712'>
mocker = <pytest_mock.plugin.MockerFixture object at 0x7f3de04f9960>

    @pytest.fixture
    def handler(self, mock_data_reader, mock_event_source, mocker):
>       return TestableRuntimeDataHandler(
            mock_data_reader, mock_event_source, mocker
        )

tsercom/runtime/runtime_data_handler_base_unittest.py:156:
_ _ _ _ _ _ _ _ _ _ _ _ _ _ _ _ _ _ _ _ _ _ _ _ _ _ _ _ _ _ _ _ _ _ _ _ _ _ _ _
tsercom/runtime/runtime_data_handler_base_unittest.py:61: in __init__
    super().__init__(data_reader, event_source)
tsercom/runtime/runtime_data_handler_base.py:72: in __init__
    run_on_event_loop(self.__dispatch_poller_data_loop)
tsercom/threading/aio/aio_utils.py:88: in run_on_event_loop
    event_loop = get_global_event_loop()
_ _ _ _ _ _ _ _ _ _ _ _ _ _ _ _ _ _ _ _ _ _ _ _ _ _ _ _ _ _ _ _ _ _ _ _ _ _ _ _

    def get_global_event_loop() -> AbstractEventLoop:
        """Retrieves the global event loop used by tsercom.

        Asserts that the event loop has been set before calling.

        Returns:
            AbstractEventLoop: The global asyncio event loop.

        Raises:
            AssertionError: If global event loop has not been set.
        """
        # No 'global' needed for read-only access
        assert (
>           __g_global_event_loop is not None
        ), "Global event loop accessed before being set."
E       AssertionError: Global event loop accessed before being set.

tsercom/threading/aio/global_event_loop.py:57: AssertionError
_ ERROR at setup of TestRuntimeDataHandlerBaseBehavior.test_register_caller_grpc_context_success _

self = <tsercom.runtime.runtime_data_handler_base_unittest.TestRuntimeDataHandlerBaseBehavior object at 0x7f3de0a36fb0>
mock_data_reader = <MagicMock spec='RemoteDataReader' id='139903740808736'>
mock_event_source = <MagicMock spec='AsyncPoller' id='139903733626624'>
mocker = <pytest_mock.plugin.MockerFixture object at 0x7f3de0c63a30>

    @pytest.fixture
    def handler(self, mock_data_reader, mock_event_source, mocker):
>       return TestableRuntimeDataHandler(
            mock_data_reader, mock_event_source, mocker
        )

tsercom/runtime/runtime_data_handler_base_unittest.py:156:
_ _ _ _ _ _ _ _ _ _ _ _ _ _ _ _ _ _ _ _ _ _ _ _ _ _ _ _ _ _ _ _ _ _ _ _ _ _ _ _
tsercom/runtime/runtime_data_handler_base_unittest.py:61: in __init__
    super().__init__(data_reader, event_source)
tsercom/runtime/runtime_data_handler_base.py:72: in __init__
    run_on_event_loop(self.__dispatch_poller_data_loop)
tsercom/threading/aio/aio_utils.py:88: in run_on_event_loop
    event_loop = get_global_event_loop()
_ _ _ _ _ _ _ _ _ _ _ _ _ _ _ _ _ _ _ _ _ _ _ _ _ _ _ _ _ _ _ _ _ _ _ _ _ _ _ _

    def get_global_event_loop() -> AbstractEventLoop:
        """Retrieves the global event loop used by tsercom.

        Asserts that the event loop has been set before calling.

        Returns:
            AbstractEventLoop: The global asyncio event loop.

        Raises:
            AssertionError: If global event loop has not been set.
        """
        # No 'global' needed for read-only access
        assert (
>           __g_global_event_loop is not None
        ), "Global event loop accessed before being set."
E       AssertionError: Global event loop accessed before being set.

tsercom/threading/aio/global_event_loop.py:57: AssertionError
_ ERROR at setup of TestRuntimeDataHandlerBaseBehavior.test_register_caller_grpc_context_no_ip _

self = <tsercom.runtime.runtime_data_handler_base_unittest.TestRuntimeDataHandlerBaseBehavior object at 0x7f3de0a37340>
mock_data_reader = <MagicMock spec='RemoteDataReader' id='139903733206272'>
mock_event_source = <MagicMock spec='AsyncPoller' id='139903740203008'>
mocker = <pytest_mock.plugin.MockerFixture object at 0x7f3de0521480>

    @pytest.fixture
    def handler(self, mock_data_reader, mock_event_source, mocker):
>       return TestableRuntimeDataHandler(
            mock_data_reader, mock_event_source, mocker
        )

tsercom/runtime/runtime_data_handler_base_unittest.py:156:
_ _ _ _ _ _ _ _ _ _ _ _ _ _ _ _ _ _ _ _ _ _ _ _ _ _ _ _ _ _ _ _ _ _ _ _ _ _ _ _
tsercom/runtime/runtime_data_handler_base_unittest.py:61: in __init__
    super().__init__(data_reader, event_source)
tsercom/runtime/runtime_data_handler_base.py:72: in __init__
    run_on_event_loop(self.__dispatch_poller_data_loop)
tsercom/threading/aio/aio_utils.py:88: in run_on_event_loop
    event_loop = get_global_event_loop()
_ _ _ _ _ _ _ _ _ _ _ _ _ _ _ _ _ _ _ _ _ _ _ _ _ _ _ _ _ _ _ _ _ _ _ _ _ _ _ _

    def get_global_event_loop() -> AbstractEventLoop:
        """Retrieves the global event loop used by tsercom.

        Asserts that the event loop has been set before calling.

        Returns:
            AbstractEventLoop: The global asyncio event loop.

        Raises:
            AssertionError: If global event loop has not been set.
        """
        # No 'global' needed for read-only access
        assert (
>           __g_global_event_loop is not None
        ), "Global event loop accessed before being set."
E       AssertionError: Global event loop accessed before being set.

tsercom/threading/aio/global_event_loop.py:57: AssertionError
_ ERROR at setup of TestRuntimeDataHandlerBaseBehavior.test_get_data_iterator_returns_self _

self = <tsercom.runtime.runtime_data_handler_base_unittest.TestRuntimeDataHandlerBaseBehavior object at 0x7f3de0a34310>
mock_data_reader = <MagicMock spec='RemoteDataReader' id='139903732665792'>
mock_event_source = <MagicMock spec='AsyncPoller' id='139903731823712'>
mocker = <pytest_mock.plugin.MockerFixture object at 0x7f3de049cc40>

    @pytest.fixture
    def handler(self, mock_data_reader, mock_event_source, mocker):
>       return TestableRuntimeDataHandler(
            mock_data_reader, mock_event_source, mocker
        )

tsercom/runtime/runtime_data_handler_base_unittest.py:156:
_ _ _ _ _ _ _ _ _ _ _ _ _ _ _ _ _ _ _ _ _ _ _ _ _ _ _ _ _ _ _ _ _ _ _ _ _ _ _ _
tsercom/runtime/runtime_data_handler_base_unittest.py:61: in __init__
    super().__init__(data_reader, event_source)
tsercom/runtime/runtime_data_handler_base.py:72: in __init__
    run_on_event_loop(self.__dispatch_poller_data_loop)
tsercom/threading/aio/aio_utils.py:88: in run_on_event_loop
    event_loop = get_global_event_loop()
_ _ _ _ _ _ _ _ _ _ _ _ _ _ _ _ _ _ _ _ _ _ _ _ _ _ _ _ _ _ _ _ _ _ _ _ _ _ _ _

    def get_global_event_loop() -> AbstractEventLoop:
        """Retrieves the global event loop used by tsercom.

        Asserts that the event loop has been set before calling.

        Returns:
            AbstractEventLoop: The global asyncio event loop.

        Raises:
            AssertionError: If global event loop has not been set.
        """
        # No 'global' needed for read-only access
        assert (
>           __g_global_event_loop is not None
        ), "Global event loop accessed before being set."
E       AssertionError: Global event loop accessed before being set.

tsercom/threading/aio/global_event_loop.py:57: AssertionError
_ ERROR at setup of TestRuntimeDataHandlerBaseBehavior.test_async_iteration_with_event_source _

self = <tsercom.runtime.runtime_data_handler_base_unittest.TestRuntimeDataHandlerBaseBehavior object at 0x7f3de0a34250>
mock_data_reader = <MagicMock spec='RemoteDataReader' id='139903721435584'>
mock_event_source = <MagicMock spec='AsyncPoller' id='139903732384960'>
mocker = <pytest_mock.plugin.MockerFixture object at 0x7f3ddf9e62c0>

    @pytest.fixture
    def handler(self, mock_data_reader, mock_event_source, mocker):
>       return TestableRuntimeDataHandler(
            mock_data_reader, mock_event_source, mocker
        )

tsercom/runtime/runtime_data_handler_base_unittest.py:156:
_ _ _ _ _ _ _ _ _ _ _ _ _ _ _ _ _ _ _ _ _ _ _ _ _ _ _ _ _ _ _ _ _ _ _ _ _ _ _ _
tsercom/runtime/runtime_data_handler_base_unittest.py:61: in __init__
    super().__init__(data_reader, event_source)
tsercom/runtime/runtime_data_handler_base.py:72: in __init__
    run_on_event_loop(self.__dispatch_poller_data_loop)
tsercom/threading/aio/aio_utils.py:88: in run_on_event_loop
    event_loop = get_global_event_loop()
_ _ _ _ _ _ _ _ _ _ _ _ _ _ _ _ _ _ _ _ _ _ _ _ _ _ _ _ _ _ _ _ _ _ _ _ _ _ _ _

    def get_global_event_loop() -> AbstractEventLoop:
        """Retrieves the global event loop used by tsercom.

        Asserts that the event loop has been set before calling.

        Returns:
            AbstractEventLoop: The global asyncio event loop.

        Raises:
            AssertionError: If global event loop has not been set.
        """
        # No 'global' needed for read-only access
        assert (
>           __g_global_event_loop is not None
        ), "Global event loop accessed before being set."
E       AssertionError: Global event loop accessed before being set.

tsercom/threading/aio/global_event_loop.py:57: AssertionError
_ ERROR at setup of TestRuntimeDataHandlerBaseBehavior.test_check_for_caller_id _

self = <tsercom.runtime.runtime_data_handler_base_unittest.TestRuntimeDataHandlerBaseBehavior object at 0x7f3de0a345e0>
mock_data_reader = <MagicMock spec='RemoteDataReader' id='139903739804064'>
mock_event_source = <MagicMock spec='AsyncPoller' id='139903733418976'>
mocker = <pytest_mock.plugin.MockerFixture object at 0x7f3de0b68520>

    @pytest.fixture
    def handler(self, mock_data_reader, mock_event_source, mocker):
>       return TestableRuntimeDataHandler(
            mock_data_reader, mock_event_source, mocker
        )

tsercom/runtime/runtime_data_handler_base_unittest.py:156:
_ _ _ _ _ _ _ _ _ _ _ _ _ _ _ _ _ _ _ _ _ _ _ _ _ _ _ _ _ _ _ _ _ _ _ _ _ _ _ _
tsercom/runtime/runtime_data_handler_base_unittest.py:61: in __init__
    super().__init__(data_reader, event_source)
tsercom/runtime/runtime_data_handler_base.py:72: in __init__
    run_on_event_loop(self.__dispatch_poller_data_loop)
tsercom/threading/aio/aio_utils.py:88: in run_on_event_loop
    event_loop = get_global_event_loop()
_ _ _ _ _ _ _ _ _ _ _ _ _ _ _ _ _ _ _ _ _ _ _ _ _ _ _ _ _ _ _ _ _ _ _ _ _ _ _ _

    def get_global_event_loop() -> AbstractEventLoop:
        """Retrieves the global event loop used by tsercom.

        Asserts that the event loop has been set before calling.

        Returns:
            AbstractEventLoop: The global asyncio event loop.

        Raises:
            AssertionError: If global event loop has not been set.
        """
        # No 'global' needed for read-only access
        assert (
>           __g_global_event_loop is not None
        ), "Global event loop accessed before being set."
E       AssertionError: Global event loop accessed before being set.

tsercom/threading/aio/global_event_loop.py:57: AssertionError
_ ERROR at setup of TestRuntimeDataHandlerBaseBehavior.test_handler_on_data_ready_calls_reader_on_data_ready _

self = <tsercom.runtime.runtime_data_handler_base_unittest.TestRuntimeDataHandlerBaseBehavior object at 0x7f3de0a34880>
mock_data_reader = <MagicMock spec='RemoteDataReader' id='139903740807584'>
mock_event_source = <MagicMock spec='AsyncPoller' id='139903732157216'>
mocker = <pytest_mock.plugin.MockerFixture object at 0x7f3de0c626b0>

    @pytest.fixture
    def handler(self, mock_data_reader, mock_event_source, mocker):
>       return TestableRuntimeDataHandler(
            mock_data_reader, mock_event_source, mocker
        )

tsercom/runtime/runtime_data_handler_base_unittest.py:156:
_ _ _ _ _ _ _ _ _ _ _ _ _ _ _ _ _ _ _ _ _ _ _ _ _ _ _ _ _ _ _ _ _ _ _ _ _ _ _ _
tsercom/runtime/runtime_data_handler_base_unittest.py:61: in __init__
    super().__init__(data_reader, event_source)
tsercom/runtime/runtime_data_handler_base.py:72: in __init__
    run_on_event_loop(self.__dispatch_poller_data_loop)
tsercom/threading/aio/aio_utils.py:88: in run_on_event_loop
    event_loop = get_global_event_loop()
_ _ _ _ _ _ _ _ _ _ _ _ _ _ _ _ _ _ _ _ _ _ _ _ _ _ _ _ _ _ _ _ _ _ _ _ _ _ _ _

    def get_global_event_loop() -> AbstractEventLoop:
        """Retrieves the global event loop used by tsercom.

        Asserts that the event loop has been set before calling.

        Returns:
            AbstractEventLoop: The global asyncio event loop.

        Raises:
            AssertionError: If global event loop has not been set.
        """
        # No 'global' needed for read-only access
        assert (
>           __g_global_event_loop is not None
        ), "Global event loop accessed before being set."
E       AssertionError: Global event loop accessed before being set.

tsercom/threading/aio/global_event_loop.py:57: AssertionError
_ ERROR at setup of TestRuntimeDataHandlerBaseBehavior.test_processor_desynchronize _

self = <tsercom.runtime.runtime_data_handler_base_unittest.TestRuntimeDataHandlerBaseBehavior object at 0x7f3de0a341c0>
mock_data_reader = <MagicMock spec='RemoteDataReader' id='139903749682992'>
mock_event_source = <MagicMock spec='AsyncPoller' id='139903748690688'>
mocker = <pytest_mock.plugin.MockerFixture object at 0x7f3de14d6b90>

    @pytest.fixture
    def handler(self, mock_data_reader, mock_event_source, mocker):
>       return TestableRuntimeDataHandler(
            mock_data_reader, mock_event_source, mocker
        )

tsercom/runtime/runtime_data_handler_base_unittest.py:156:
_ _ _ _ _ _ _ _ _ _ _ _ _ _ _ _ _ _ _ _ _ _ _ _ _ _ _ _ _ _ _ _ _ _ _ _ _ _ _ _
tsercom/runtime/runtime_data_handler_base_unittest.py:61: in __init__
    super().__init__(data_reader, event_source)
tsercom/runtime/runtime_data_handler_base.py:72: in __init__
    run_on_event_loop(self.__dispatch_poller_data_loop)
tsercom/threading/aio/aio_utils.py:88: in run_on_event_loop
    event_loop = get_global_event_loop()
_ _ _ _ _ _ _ _ _ _ _ _ _ _ _ _ _ _ _ _ _ _ _ _ _ _ _ _ _ _ _ _ _ _ _ _ _ _ _ _

    def get_global_event_loop() -> AbstractEventLoop:
        """Retrieves the global event loop used by tsercom.

        Asserts that the event loop has been set before calling.

        Returns:
            AbstractEventLoop: The global asyncio event loop.

        Raises:
            AssertionError: If global event loop has not been set.
        """
        # No 'global' needed for read-only access
        assert (
>           __g_global_event_loop is not None
        ), "Global event loop accessed before being set."
E       AssertionError: Global event loop accessed before being set.

tsercom/threading/aio/global_event_loop.py:57: AssertionError
_ ERROR at setup of TestRuntimeDataHandlerBaseBehavior.test_processor_deregister_caller _

self = <tsercom.runtime.runtime_data_handler_base_unittest.TestRuntimeDataHandlerBaseBehavior object at 0x7f3de0a36620>
mock_data_reader = <MagicMock spec='RemoteDataReader' id='139903740765008'>
mock_event_source = <MagicMock spec='AsyncPoller' id='139903733987840'>
mocker = <pytest_mock.plugin.MockerFixture object at 0x7f3de0372410>

    @pytest.fixture
    def handler(self, mock_data_reader, mock_event_source, mocker):
>       return TestableRuntimeDataHandler(
            mock_data_reader, mock_event_source, mocker
        )

tsercom/runtime/runtime_data_handler_base_unittest.py:156:
_ _ _ _ _ _ _ _ _ _ _ _ _ _ _ _ _ _ _ _ _ _ _ _ _ _ _ _ _ _ _ _ _ _ _ _ _ _ _ _
tsercom/runtime/runtime_data_handler_base_unittest.py:61: in __init__
    super().__init__(data_reader, event_source)
tsercom/runtime/runtime_data_handler_base.py:72: in __init__
    run_on_event_loop(self.__dispatch_poller_data_loop)
tsercom/threading/aio/aio_utils.py:88: in run_on_event_loop
    event_loop = get_global_event_loop()
_ _ _ _ _ _ _ _ _ _ _ _ _ _ _ _ _ _ _ _ _ _ _ _ _ _ _ _ _ _ _ _ _ _ _ _ _ _ _ _

    def get_global_event_loop() -> AbstractEventLoop:
        """Retrieves the global event loop used by tsercom.

        Asserts that the event loop has been set before calling.

        Returns:
            AbstractEventLoop: The global asyncio event loop.

        Raises:
            AssertionError: If global event loop has not been set.
        """
        # No 'global' needed for read-only access
        assert (
>           __g_global_event_loop is not None
        ), "Global event loop accessed before being set."
E       AssertionError: Global event loop accessed before being set.

tsercom/threading/aio/global_event_loop.py:57: AssertionError
_ ERROR at setup of TestRuntimeDataHandlerBaseBehavior.test_processor_process_data_with_datetime _

self = <tsercom.runtime.runtime_data_handler_base_unittest.TestRuntimeDataHandlerBaseBehavior object at 0x7f3de09c5c90>
mock_data_reader = <MagicMock spec='RemoteDataReader' id='139903733419120'>
mock_event_source = <MagicMock spec='AsyncPoller' id='139903733416192'>
mocker = <pytest_mock.plugin.MockerFixture object at 0x7f3de0554250>

    @pytest.fixture
    def handler(self, mock_data_reader, mock_event_source, mocker):
>       return TestableRuntimeDataHandler(
            mock_data_reader, mock_event_source, mocker
        )

tsercom/runtime/runtime_data_handler_base_unittest.py:156:
_ _ _ _ _ _ _ _ _ _ _ _ _ _ _ _ _ _ _ _ _ _ _ _ _ _ _ _ _ _ _ _ _ _ _ _ _ _ _ _
tsercom/runtime/runtime_data_handler_base_unittest.py:61: in __init__
    super().__init__(data_reader, event_source)
tsercom/runtime/runtime_data_handler_base.py:72: in __init__
    run_on_event_loop(self.__dispatch_poller_data_loop)
tsercom/threading/aio/aio_utils.py:88: in run_on_event_loop
    event_loop = get_global_event_loop()
_ _ _ _ _ _ _ _ _ _ _ _ _ _ _ _ _ _ _ _ _ _ _ _ _ _ _ _ _ _ _ _ _ _ _ _ _ _ _ _

    def get_global_event_loop() -> AbstractEventLoop:
        """Retrieves the global event loop used by tsercom.

        Asserts that the event loop has been set before calling.

        Returns:
            AbstractEventLoop: The global asyncio event loop.

        Raises:
            AssertionError: If global event loop has not been set.
        """
        # No 'global' needed for read-only access
        assert (
>           __g_global_event_loop is not None
        ), "Global event loop accessed before being set."
E       AssertionError: Global event loop accessed before being set.

tsercom/threading/aio/global_event_loop.py:57: AssertionError
_ ERROR at setup of TestRuntimeDataHandlerBaseBehavior.test_processor_process_data_with_server_timestamp _

self = <tsercom.runtime.runtime_data_handler_base_unittest.TestRuntimeDataHandlerBaseBehavior object at 0x7f3de09c6170>
mock_data_reader = <MagicMock spec='RemoteDataReader' id='139903733605632'>
mock_event_source = <MagicMock spec='AsyncPoller' id='139903733477104'>
mocker = <pytest_mock.plugin.MockerFixture object at 0x7f3de0580a90>

    @pytest.fixture
    def handler(self, mock_data_reader, mock_event_source, mocker):
>       return TestableRuntimeDataHandler(
            mock_data_reader, mock_event_source, mocker
        )

tsercom/runtime/runtime_data_handler_base_unittest.py:156:
_ _ _ _ _ _ _ _ _ _ _ _ _ _ _ _ _ _ _ _ _ _ _ _ _ _ _ _ _ _ _ _ _ _ _ _ _ _ _ _
tsercom/runtime/runtime_data_handler_base_unittest.py:61: in __init__
    super().__init__(data_reader, event_source)
tsercom/runtime/runtime_data_handler_base.py:72: in __init__
    run_on_event_loop(self.__dispatch_poller_data_loop)
tsercom/threading/aio/aio_utils.py:88: in run_on_event_loop
    event_loop = get_global_event_loop()
_ _ _ _ _ _ _ _ _ _ _ _ _ _ _ _ _ _ _ _ _ _ _ _ _ _ _ _ _ _ _ _ _ _ _ _ _ _ _ _

    def get_global_event_loop() -> AbstractEventLoop:
        """Retrieves the global event loop used by tsercom.

        Asserts that the event loop has been set before calling.

        Returns:
            AbstractEventLoop: The global asyncio event loop.

        Raises:
            AssertionError: If global event loop has not been set.
        """
        # No 'global' needed for read-only access
        assert (
>           __g_global_event_loop is not None
        ), "Global event loop accessed before being set."
E       AssertionError: Global event loop accessed before being set.

tsercom/threading/aio/global_event_loop.py:57: AssertionError
_ ERROR at setup of TestRuntimeDataHandlerBaseBehavior.test_processor_process_data_no_timestamp _

self = <tsercom.runtime.runtime_data_handler_base_unittest.TestRuntimeDataHandlerBaseBehavior object at 0x7f3de09c64a0>
mock_data_reader = <MagicMock spec='RemoteDataReader' id='139903733210640'>
mock_event_source = <MagicMock spec='AsyncPoller' id='139903732648976'>
mocker = <pytest_mock.plugin.MockerFixture object at 0x7f3de0523310>

    @pytest.fixture
    def handler(self, mock_data_reader, mock_event_source, mocker):
>       return TestableRuntimeDataHandler(
            mock_data_reader, mock_event_source, mocker
        )

tsercom/runtime/runtime_data_handler_base_unittest.py:156:
_ _ _ _ _ _ _ _ _ _ _ _ _ _ _ _ _ _ _ _ _ _ _ _ _ _ _ _ _ _ _ _ _ _ _ _ _ _ _ _
tsercom/runtime/runtime_data_handler_base_unittest.py:61: in __init__
    super().__init__(data_reader, event_source)
tsercom/runtime/runtime_data_handler_base.py:72: in __init__
    run_on_event_loop(self.__dispatch_poller_data_loop)
tsercom/threading/aio/aio_utils.py:88: in run_on_event_loop
    event_loop = get_global_event_loop()
_ _ _ _ _ _ _ _ _ _ _ _ _ _ _ _ _ _ _ _ _ _ _ _ _ _ _ _ _ _ _ _ _ _ _ _ _ _ _ _

    def get_global_event_loop() -> AbstractEventLoop:
        """Retrieves the global event loop used by tsercom.

        Asserts that the event loop has been set before calling.

        Returns:
            AbstractEventLoop: The global asyncio event loop.

        Raises:
            AssertionError: If global event loop has not been set.
        """
        # No 'global' needed for read-only access
        assert (
>           __g_global_event_loop is not None
        ), "Global event loop accessed before being set."
E       AssertionError: Global event loop accessed before being set.

tsercom/threading/aio/global_event_loop.py:57: AssertionError
_ ERROR at setup of TestRuntimeDataHandlerBaseRegisterCaller.test_register_caller_with_endpoint_port_success _

mock_data_reader_fixture = <MagicMock spec='_GenericAlias' id='139903731443328'>
mock_event_source_fixture = <MagicMock spec='_GenericAlias' id='139903740487008'>
mocker = <pytest_mock.plugin.MockerFixture object at 0x7f3de0c57fa0>

    @pytest.fixture
    def handler_fixture(
        mock_data_reader_fixture, mock_event_source_fixture, mocker
    ):
>       return ConcreteRuntimeDataHandler(
            mock_data_reader_fixture, mock_event_source_fixture, mocker
        )

tsercom/runtime/runtime_data_handler_base_unittest.py:484:
_ _ _ _ _ _ _ _ _ _ _ _ _ _ _ _ _ _ _ _ _ _ _ _ _ _ _ _ _ _ _ _ _ _ _ _ _ _ _ _
tsercom/runtime/runtime_data_handler_base_unittest.py:436: in __init__
    super().__init__(data_reader, event_source)
tsercom/runtime/runtime_data_handler_base.py:72: in __init__
    run_on_event_loop(self.__dispatch_poller_data_loop)
tsercom/threading/aio/aio_utils.py:88: in run_on_event_loop
    event_loop = get_global_event_loop()
_ _ _ _ _ _ _ _ _ _ _ _ _ _ _ _ _ _ _ _ _ _ _ _ _ _ _ _ _ _ _ _ _ _ _ _ _ _ _ _

    def get_global_event_loop() -> AbstractEventLoop:
        """Retrieves the global event loop used by tsercom.

        Asserts that the event loop has been set before calling.

        Returns:
            AbstractEventLoop: The global asyncio event loop.

        Raises:
            AssertionError: If global event loop has not been set.
        """
        # No 'global' needed for read-only access
        assert (
>           __g_global_event_loop is not None
        ), "Global event loop accessed before being set."
E       AssertionError: Global event loop accessed before being set.

tsercom/threading/aio/global_event_loop.py:57: AssertionError
_ ERROR at setup of TestRuntimeDataHandlerBaseRegisterCaller.test_register_caller_with_context_success _

mock_data_reader_fixture = <MagicMock spec='_GenericAlias' id='139903732323552'>
mock_event_source_fixture = <MagicMock spec='_GenericAlias' id='139903732326816'>
mocker = <pytest_mock.plugin.MockerFixture object at 0x7f3de0448f70>

    @pytest.fixture
    def handler_fixture(
        mock_data_reader_fixture, mock_event_source_fixture, mocker
    ):
>       return ConcreteRuntimeDataHandler(
            mock_data_reader_fixture, mock_event_source_fixture, mocker
        )

tsercom/runtime/runtime_data_handler_base_unittest.py:484:
_ _ _ _ _ _ _ _ _ _ _ _ _ _ _ _ _ _ _ _ _ _ _ _ _ _ _ _ _ _ _ _ _ _ _ _ _ _ _ _
tsercom/runtime/runtime_data_handler_base_unittest.py:436: in __init__
    super().__init__(data_reader, event_source)
tsercom/runtime/runtime_data_handler_base.py:72: in __init__
    run_on_event_loop(self.__dispatch_poller_data_loop)
tsercom/threading/aio/aio_utils.py:88: in run_on_event_loop
    event_loop = get_global_event_loop()
_ _ _ _ _ _ _ _ _ _ _ _ _ _ _ _ _ _ _ _ _ _ _ _ _ _ _ _ _ _ _ _ _ _ _ _ _ _ _ _

    def get_global_event_loop() -> AbstractEventLoop:
        """Retrieves the global event loop used by tsercom.

        Asserts that the event loop has been set before calling.

        Returns:
            AbstractEventLoop: The global asyncio event loop.

        Raises:
            AssertionError: If global event loop has not been set.
        """
        # No 'global' needed for read-only access
        assert (
>           __g_global_event_loop is not None
        ), "Global event loop accessed before being set."
E       AssertionError: Global event loop accessed before being set.

tsercom/threading/aio/global_event_loop.py:57: AssertionError
_ ERROR at setup of TestRuntimeDataHandlerBaseRegisterCaller.test_register_caller_with_context_ip_none_returns_none _

mock_data_reader_fixture = <MagicMock spec='_GenericAlias' id='139903732675296'>
mock_event_source_fixture = <MagicMock spec='_GenericAlias' id='139903732677168'>
mocker = <pytest_mock.plugin.MockerFixture object at 0x7f3de049cf40>

    @pytest.fixture
    def handler_fixture(
        mock_data_reader_fixture, mock_event_source_fixture, mocker
    ):
>       return ConcreteRuntimeDataHandler(
            mock_data_reader_fixture, mock_event_source_fixture, mocker
        )

tsercom/runtime/runtime_data_handler_base_unittest.py:484:
_ _ _ _ _ _ _ _ _ _ _ _ _ _ _ _ _ _ _ _ _ _ _ _ _ _ _ _ _ _ _ _ _ _ _ _ _ _ _ _
tsercom/runtime/runtime_data_handler_base_unittest.py:436: in __init__
    super().__init__(data_reader, event_source)
tsercom/runtime/runtime_data_handler_base.py:72: in __init__
    run_on_event_loop(self.__dispatch_poller_data_loop)
tsercom/threading/aio/aio_utils.py:88: in run_on_event_loop
    event_loop = get_global_event_loop()
_ _ _ _ _ _ _ _ _ _ _ _ _ _ _ _ _ _ _ _ _ _ _ _ _ _ _ _ _ _ _ _ _ _ _ _ _ _ _ _

    def get_global_event_loop() -> AbstractEventLoop:
        """Retrieves the global event loop used by tsercom.

        Asserts that the event loop has been set before calling.

        Returns:
            AbstractEventLoop: The global asyncio event loop.

        Raises:
            AssertionError: If global event loop has not been set.
        """
        # No 'global' needed for read-only access
        assert (
>           __g_global_event_loop is not None
        ), "Global event loop accessed before being set."
E       AssertionError: Global event loop accessed before being set.

tsercom/threading/aio/global_event_loop.py:57: AssertionError
_ ERROR at setup of TestRuntimeDataHandlerBaseRegisterCaller.test_register_caller_with_context_port_none_raises_value_error _

mock_data_reader_fixture = <MagicMock spec='_GenericAlias' id='139903739313456'>
mock_event_source_fixture = <MagicMock spec='_GenericAlias' id='139903739312688'>
mocker = <pytest_mock.plugin.MockerFixture object at 0x7f3de0af38b0>

    @pytest.fixture
    def handler_fixture(
        mock_data_reader_fixture, mock_event_source_fixture, mocker
    ):
>       return ConcreteRuntimeDataHandler(
            mock_data_reader_fixture, mock_event_source_fixture, mocker
        )

tsercom/runtime/runtime_data_handler_base_unittest.py:484:
_ _ _ _ _ _ _ _ _ _ _ _ _ _ _ _ _ _ _ _ _ _ _ _ _ _ _ _ _ _ _ _ _ _ _ _ _ _ _ _
tsercom/runtime/runtime_data_handler_base_unittest.py:436: in __init__
    super().__init__(data_reader, event_source)
tsercom/runtime/runtime_data_handler_base.py:72: in __init__
    run_on_event_loop(self.__dispatch_poller_data_loop)
tsercom/threading/aio/aio_utils.py:88: in run_on_event_loop
    event_loop = get_global_event_loop()
_ _ _ _ _ _ _ _ _ _ _ _ _ _ _ _ _ _ _ _ _ _ _ _ _ _ _ _ _ _ _ _ _ _ _ _ _ _ _ _

    def get_global_event_loop() -> AbstractEventLoop:
        """Retrieves the global event loop used by tsercom.

        Asserts that the event loop has been set before calling.

        Returns:
            AbstractEventLoop: The global asyncio event loop.

        Raises:
            AssertionError: If global event loop has not been set.
        """
        # No 'global' needed for read-only access
        assert (
>           __g_global_event_loop is not None
        ), "Global event loop accessed before being set."
E       AssertionError: Global event loop accessed before being set.

tsercom/threading/aio/global_event_loop.py:57: AssertionError
_ ERROR at setup of TestRuntimeDataHandlerBaseRegisterCaller.test_register_caller_mutex_args_endpoint_context _

mock_data_reader_fixture = <MagicMock spec='_GenericAlias' id='139903732890496'>
mock_event_source_fixture = <MagicMock spec='_GenericAlias' id='139903748213776'>
mocker = <pytest_mock.plugin.MockerFixture object at 0x7f3de04d0e20>

    @pytest.fixture
    def handler_fixture(
        mock_data_reader_fixture, mock_event_source_fixture, mocker
    ):
>       return ConcreteRuntimeDataHandler(
            mock_data_reader_fixture, mock_event_source_fixture, mocker
        )

tsercom/runtime/runtime_data_handler_base_unittest.py:484:
_ _ _ _ _ _ _ _ _ _ _ _ _ _ _ _ _ _ _ _ _ _ _ _ _ _ _ _ _ _ _ _ _ _ _ _ _ _ _ _
tsercom/runtime/runtime_data_handler_base_unittest.py:436: in __init__
    super().__init__(data_reader, event_source)
tsercom/runtime/runtime_data_handler_base.py:72: in __init__
    run_on_event_loop(self.__dispatch_poller_data_loop)
tsercom/threading/aio/aio_utils.py:88: in run_on_event_loop
    event_loop = get_global_event_loop()
_ _ _ _ _ _ _ _ _ _ _ _ _ _ _ _ _ _ _ _ _ _ _ _ _ _ _ _ _ _ _ _ _ _ _ _ _ _ _ _

    def get_global_event_loop() -> AbstractEventLoop:
        """Retrieves the global event loop used by tsercom.

        Asserts that the event loop has been set before calling.

        Returns:
            AbstractEventLoop: The global asyncio event loop.

        Raises:
            AssertionError: If global event loop has not been set.
        """
        # No 'global' needed for read-only access
        assert (
>           __g_global_event_loop is not None
        ), "Global event loop accessed before being set."
E       AssertionError: Global event loop accessed before being set.

tsercom/threading/aio/global_event_loop.py:57: AssertionError
_ ERROR at setup of TestRuntimeDataHandlerBaseRegisterCaller.test_register_caller_mutex_args_none _

mock_data_reader_fixture = <MagicMock spec='_GenericAlias' id='139903710484448'>
mock_event_source_fixture = <MagicMock spec='_GenericAlias' id='139903710482960'>
mocker = <pytest_mock.plugin.MockerFixture object at 0x7f3ddef75900>

    @pytest.fixture
    def handler_fixture(
        mock_data_reader_fixture, mock_event_source_fixture, mocker
    ):
>       return ConcreteRuntimeDataHandler(
            mock_data_reader_fixture, mock_event_source_fixture, mocker
        )

tsercom/runtime/runtime_data_handler_base_unittest.py:484:
_ _ _ _ _ _ _ _ _ _ _ _ _ _ _ _ _ _ _ _ _ _ _ _ _ _ _ _ _ _ _ _ _ _ _ _ _ _ _ _
tsercom/runtime/runtime_data_handler_base_unittest.py:436: in __init__
    super().__init__(data_reader, event_source)
tsercom/runtime/runtime_data_handler_base.py:72: in __init__
    run_on_event_loop(self.__dispatch_poller_data_loop)
tsercom/threading/aio/aio_utils.py:88: in run_on_event_loop
    event_loop = get_global_event_loop()
_ _ _ _ _ _ _ _ _ _ _ _ _ _ _ _ _ _ _ _ _ _ _ _ _ _ _ _ _ _ _ _ _ _ _ _ _ _ _ _

    def get_global_event_loop() -> AbstractEventLoop:
        """Retrieves the global event loop used by tsercom.

        Asserts that the event loop has been set before calling.

        Returns:
            AbstractEventLoop: The global asyncio event loop.

        Raises:
            AssertionError: If global event loop has not been set.
        """
        # No 'global' needed for read-only access
        assert (
>           __g_global_event_loop is not None
        ), "Global event loop accessed before being set."
E       AssertionError: Global event loop accessed before being set.

tsercom/threading/aio/global_event_loop.py:57: AssertionError
_ ERROR at setup of TestRuntimeDataHandlerBaseRegisterCaller.test_register_caller_endpoint_without_port _

mock_data_reader_fixture = <MagicMock spec='_GenericAlias' id='139903731811184'>
mock_event_source_fixture = <MagicMock spec='_GenericAlias' id='139903731826016'>
mocker = <pytest_mock.plugin.MockerFixture object at 0x7f3de03cec20>

    @pytest.fixture
    def handler_fixture(
        mock_data_reader_fixture, mock_event_source_fixture, mocker
    ):
>       return ConcreteRuntimeDataHandler(
            mock_data_reader_fixture, mock_event_source_fixture, mocker
        )

tsercom/runtime/runtime_data_handler_base_unittest.py:484:
_ _ _ _ _ _ _ _ _ _ _ _ _ _ _ _ _ _ _ _ _ _ _ _ _ _ _ _ _ _ _ _ _ _ _ _ _ _ _ _
tsercom/runtime/runtime_data_handler_base_unittest.py:436: in __init__
    super().__init__(data_reader, event_source)
tsercom/runtime/runtime_data_handler_base.py:72: in __init__
    run_on_event_loop(self.__dispatch_poller_data_loop)
tsercom/threading/aio/aio_utils.py:88: in run_on_event_loop
    event_loop = get_global_event_loop()
_ _ _ _ _ _ _ _ _ _ _ _ _ _ _ _ _ _ _ _ _ _ _ _ _ _ _ _ _ _ _ _ _ _ _ _ _ _ _ _

    def get_global_event_loop() -> AbstractEventLoop:
        """Retrieves the global event loop used by tsercom.

        Asserts that the event loop has been set before calling.

        Returns:
            AbstractEventLoop: The global asyncio event loop.

        Raises:
            AssertionError: If global event loop has not been set.
        """
        # No 'global' needed for read-only access
        assert (
>           __g_global_event_loop is not None
[...]
        )

        mock_runtime_instance = mocker.Mock(spec=Runtime)
        mock_runtime_instance.start_async = mocker.Mock(
            name="start_async_method"
        )
        mock_server_factory.create.return_value = mock_runtime_instance

        initializers = [mock_server_factory]

        mock_event_loop_instance = mocker.MagicMock(
            spec=asyncio.AbstractEventLoop
        )
        mock_get_global_event_loop = mocker.patch(
            "tsercom.runtime.runtime_main.get_global_event_loop",
            return_value=mock_event_loop_instance,
        )

        created_runtimes = initialize_runtimes(
            mock_thread_watcher, initializers
        )

        mock_is_global_event_loop_set.assert_called_once()
        mock_get_global_event_loop.assert_called_once()
        MockChannelFactorySelector.assert_called_once_with()
        # Changed to assert create_factory was called with the factory's auth_config
        mock_channel_factory_selector_instance.create_factory.assert_called_once_with(
            mock_server_factory.auth_config
        )

        MockServerRuntimeDataHandler.assert_called_once()
        args, kwargs = MockServerRuntimeDataHandler.call_args
>       assert args[0] is mock_server_data_reader_actual_instance
E       IndexError: tuple index out of range

tsercom/runtime/runtime_main_unittest.py:206: IndexError
___________ TestInitializeRuntimes.test_initialize_runtimes_multiple ___________

self = <tsercom.runtime.runtime_main_unittest.TestInitializeRuntimes object at 0x7f3de0b26aa0>
mocker = <pytest_mock.plugin.MockerFixture object at 0x7f3de049cc70>

    def test_initialize_runtimes_multiple(
        self,
        mocker,
    ):
        """Tests initialization with multiple factories (client and server)."""
        mock_is_global_event_loop_set = mocker.patch(
            "tsercom.runtime.runtime_main.is_global_event_loop_set",
            return_value=True,
        )
        mock_run_on_event_loop = mocker.patch(
            "tsercom.runtime.runtime_main.run_on_event_loop"
        )
        MockChannelFactorySelector = mocker.patch(
            "tsercom.runtime.runtime_main.ChannelFactorySelector"
        )
        MockClientRuntimeDataHandler = mocker.patch(
            "tsercom.runtime.runtime_main.ClientRuntimeDataHandler"
        )
        MockServerRuntimeDataHandler = mocker.patch(
            "tsercom.runtime.runtime_main.ServerRuntimeDataHandler"
        )

        mock_thread_watcher = mocker.Mock(spec=ThreadWatcher)
        mock_channel_factory_selector_instance = (
            MockChannelFactorySelector.return_value
        )
        mock_grpc_channel_factory = mocker.Mock(spec=GrpcChannelFactory)
        # Changed from get_instance to create_factory
        mock_channel_factory_selector_instance.create_factory.return_value = (
            mock_grpc_channel_factory
        )

        mock_client_factory = mocker.Mock(spec=RuntimeFactory)
        mock_client_factory.auth_config = None
        mock_client_factory.is_client.return_value = True
        mock_client_factory.is_server.return_value = False
        mock_client_data_reader_actual_instance_multi = mocker.Mock(
            spec=RemoteDataReader, name="client_data_reader_instance_multi"
        )
        mock_client_event_poller_actual_instance_multi = mocker.Mock(
            spec=AsyncPoller, name="client_event_poller_instance_multi"
        )
        mock_client_factory._remote_data_reader.return_value = (
            mock_client_data_reader_actual_instance_multi
        )
        mock_client_factory._event_poller.return_value = (
            mock_client_event_poller_actual_instance_multi
        )
        mock_client_runtime = mocker.Mock(spec=Runtime, name="client_runtime")
        mock_client_runtime.start_async = mocker.Mock(
            name="client_start_async"
        )
        mock_client_factory.create.return_value = mock_client_runtime

        mock_server_factory = mocker.Mock(spec=RuntimeFactory)
        mock_server_factory.auth_config = None
        mock_server_factory.is_client.return_value = False
        mock_server_factory.is_server.return_value = True
        mock_server_data_reader_actual_instance_multi = mocker.Mock(
            spec=RemoteDataReader, name="server_data_reader_instance_multi"
        )
        mock_server_event_poller_actual_instance_multi = mocker.Mock(
            spec=AsyncPoller, name="server_event_poller_instance_multi"
        )
        mock_server_factory._remote_data_reader.return_value = (
            mock_server_data_reader_actual_instance_multi
        )
        mock_server_factory._event_poller.return_value = (
            mock_server_event_poller_actual_instance_multi
        )
        mock_server_runtime = mocker.Mock(spec=Runtime, name="server_runtime")
        mock_server_runtime.start_async = mocker.Mock(
            name="server_start_async"
        )
        mock_server_factory.create.return_value = mock_server_runtime

        initializers = [mock_client_factory, mock_server_factory]

        mock_event_loop_instance = mocker.MagicMock(
            spec=asyncio.AbstractEventLoop
        )
        mock_get_global_event_loop = mocker.patch(
            "tsercom.runtime.runtime_main.get_global_event_loop",
            return_value=mock_event_loop_instance,
        )

        created_runtimes = initialize_runtimes(
            mock_thread_watcher, initializers
        )

        mock_get_global_event_loop.assert_called()
        MockChannelFactorySelector.assert_called_once_with()
        # Changed to assert create_factory was called for each factory's auth_config
        mock_channel_factory_selector_instance.create_factory.assert_any_call(
            mock_client_factory.auth_config
        )
        mock_channel_factory_selector_instance.create_factory.assert_any_call(
            mock_server_factory.auth_config
        )
        assert (
            mock_channel_factory_selector_instance.create_factory.call_count
            == 2
        )

        assert MockClientRuntimeDataHandler.call_count == 1
        client_args, client_kwargs = (
            MockClientRuntimeDataHandler.call_args
        )  # Assuming only one call in this test
>       assert client_args[0] is mock_thread_watcher
E       IndexError: tuple index out of range

tsercom/runtime/runtime_main_unittest.py:332: IndexError
___________________________ test_out_of_process_init ___________________________

clear_loop_fixture = None

    def test_out_of_process_init(clear_loop_fixture):
>       __check_initialization(RuntimeManager.start_out_of_process)

tsercom/runtime_e2etest.py:277:
_ _ _ _ _ _ _ _ _ _ _ _ _ _ _ _ _ _ _ _ _ _ _ _ _ _ _ _ _ _ _ _ _ _ _ _ _ _ _ _
tsercom/runtime_e2etest.py:266: in __check_initialization
    raise e
tsercom/runtime_e2etest.py:224: in __check_initialization
    runtime_manager.check_for_exception()
tsercom/api/runtime_manager.py:394: in check_for_exception
    self.__thread_watcher.check_for_exception()
_ _ _ _ _ _ _ _ _ _ _ _ _ _ _ _ _ _ _ _ _ _ _ _ _ _ _ _ _ _ _ _ _ _ _ _ _ _ _ _

self = <tsercom.threading.thread_watcher.ThreadWatcher object at 0x7f3ddefd1240>

    def check_for_exception(self) -> None:
        """
        Checks for caught exceptions, raises first one if any.

        Thread-safe and non-blocking. Does nothing if no exceptions.

        Raises:
            Exception: First caught exception if any exist.
                       (Future: Python 3.11+ ExceptionGroup).
        """
        if not self.__barrier.is_set():  # Quick check without lock
            return

        with self.__exceptions_lock:
            if not self.__exceptions:
                return

            # TODO(Python3.11+): Consider ExceptionGroup for multiple errors.
            # Requires Python 3.11+. Raising first exception for now.

>           raise self.__exceptions[0]
E           AttributeError: 'coroutine' object has no attribute 'process_data'

tsercom/threading/thread_watcher.py:126: AttributeError
----------------------------- Captured stderr call -----------------------------
Process Process-1:
Traceback (most recent call last):
  File "/usr/lib/python3.10/multiprocessing/process.py", line 314, in _bootstrap
    self.run()
  File "/usr/lib/python3.10/multiprocessing/process.py", line 108, in run
    self._target(*self._args, **self._kwargs)
  File "/app/tsercom/runtime/runtime_main.py", line 171, in remote_process_main
    sink.run_until_exception()
  File "/app/tsercom/api/split_process/split_process_error_watcher_sink.py", line 51, in run_until_exception
    raise e
  File "/app/tsercom/api/split_process/split_process_error_watcher_sink.py", line 48, in run_until_exception
    self.__thread_watcher.run_until_exception()
  File "/app/tsercom/threading/thread_watcher.py", line 104, in run_until_exception
    raise self.__exceptions[0]
  File "/app/tsercom/runtime_e2etest.py", line 85, in start_async
    await self.__responder.process_data(
AttributeError: 'coroutine' object has no attribute 'process_data'
_____________________________ test_in_process_init _____________________________

clear_loop_fixture = None

    def test_in_process_init(clear_loop_fixture):
        loop_future = Future()

        def _thread_loop_runner(fut: Future):
            loop = asyncio.new_event_loop()
            asyncio.set_event_loop(loop)
            fut.set_result(loop)
            try:
                loop.run_forever()
            finally:
                if not loop.is_closed():
                    loop.call_soon_threadsafe(loop.stop)
                loop.close()

        event_thread = Thread(
            target=_thread_loop_runner, args=(loop_future,), daemon=True
        )
        event_thread.start()

        worker_event_loop = loop_future.result(timeout=5)
>       __check_initialization(
            partial(
                RuntimeManager.start_in_process,
                runtime_event_loop=worker_event_loop,
            )
        )

tsercom/runtime_e2etest.py:300:
_ _ _ _ _ _ _ _ _ _ _ _ _ _ _ _ _ _ _ _ _ _ _ _ _ _ _ _ _ _ _ _ _ _ _ _ _ _ _ _
tsercom/runtime_e2etest.py:266: in __check_initialization
    raise e
tsercom/runtime_e2etest.py:224: in __check_initialization
    runtime_manager.check_for_exception()
tsercom/api/runtime_manager.py:394: in check_for_exception
    self.__thread_watcher.check_for_exception()
tsercom/threading/thread_watcher.py:126: in check_for_exception
    raise self.__exceptions[0]
_ _ _ _ _ _ _ _ _ _ _ _ _ _ _ _ _ _ _ _ _ _ _ _ _ _ _ _ _ _ _ _ _ _ _ _ _ _ _ _

self = <FakeRuntime instance at 139903738735888>

    async def start_async(self) -> None:
        try:
            asyncio.current_task()
        except RuntimeError:
            pass

        await asyncio.sleep(0.01)

        self.__responder = self.__data_handler.register_caller(
            self.__test_id, "0.0.0.0", 443
        )

        if not self._data_sent:
            fresh_data_value = "FRESH_SIMPLE_DATA_V2"
            fresh_data_object = FakeData(fresh_data_value)
            fresh_timestamp = datetime.datetime.now()

>           await self.__responder.process_data(
                fresh_data_object, fresh_timestamp
            )
E           AttributeError: 'coroutine' object has no attribute 'process_data'

tsercom/runtime_e2etest.py:85: AttributeError
=============================== warnings summary ===============================
tsercom/api/runtime_manager_unittest.py::TestRuntimeManager::test_start_out_of_process
  /usr/lib/python3.10/unittest/mock.py:2135: RuntimeWarning: coroutine 'dummy_coroutine_for_test' was never awaited
    setattr(_type, entry, MagicProxy(entry, self))
  Enable tracemalloc to get traceback where the object was allocated.
  See https://docs.pytest.org/en/stable/how-to/capture-warnings.html#resource-warnings for more info.

tsercom/api/runtime_manager_unittest.py::TestRuntimeManager::test_start_out_of_process_process_creation_fails
  /usr/lib/python3.10/unittest/mock.py:2181: RuntimeWarning: coroutine 'dummy_coroutine_for_test' was never awaited
    self.name = name
  Enable tracemalloc to get traceback where the object was allocated.
  See https://docs.pytest.org/en/stable/how-to/capture-warnings.html#resource-warnings for more info.

tsercom/caller_id/caller_identifier_unittest.py::test_equality
  /app/tsercom/caller_id/caller_identifier.py:123: DeprecationWarning: NotImplemented should not be used in a boolean context
    return not self.__eq__(other)

-- Docs: https://docs.pytest.org/en/stable/how-to/capture-warnings.html
=========================== short test summary info ============================
FAILED tsercom/api/local_process/local_runtime_factory_factory_unittest.py::test_create_pair_return_types
FAILED tsercom/api/local_process/local_runtime_factory_factory_unittest.py::test_create_pair_remote_data_aggregator_wiring
FAILED tsercom/api/local_process/local_runtime_factory_factory_unittest.py::test_create_pair_async_poller_wiring
FAILED tsercom/api/local_process/local_runtime_factory_factory_unittest.py::test_create_pair_runtime_command_bridge_wiring
FAILED tsercom/api/local_process/local_runtime_factory_factory_unittest.py::test_create_pair_local_runtime_factory_initializer
FAILED tsercom/api/local_process/local_runtime_factory_factory_unittest.py::test_create_factory_calls_create_pair
FAILED tsercom/api/local_process/local_runtime_factory_unittest.py::test_local_runtime_factory_init
FAILED tsercom/api/local_process/local_runtime_factory_unittest.py::test_local_runtime_factory_create
FAILED tsercom/api/local_process/local_runtime_factory_unittest.py::test_local_runtime_factory_remote_data_reader
FAILED tsercom/api/local_process/local_runtime_factory_unittest.py::test_local_runtime_factory_event_poller
FAILED tsercom/caller_id/caller_identifier_unittest.py::test_equality - Asser...
FAILED tsercom/runtime/id_tracker_unittest.py::TestIdTracker::test_add_and_get_id
FAILED tsercom/runtime/id_tracker_unittest.py::TestIdTracker::test_try_get_id
FAILED tsercom/runtime/id_tracker_unittest.py::TestIdTracker::test_add_existing_id_updates_address
FAILED tsercom/runtime/id_tracker_unittest.py::TestIdTracker::test_remove_existing_id
FAILED tsercom/runtime/id_tracker_unittest.py::TestIdTracker::test_get_id_after_remove
FAILED tsercom/runtime/id_tracker_unittest.py::TestIdTracker::test_add_after_remove
FAILED tsercom/runtime/id_tracker_unittest.py::TestIdTracker::test_remove_maintains_other_ids
FAILED tsercom/runtime/id_tracker_unittest.py::TestIdTracker::test_integration_add_get_has_len
FAILED tsercom/runtime/runtime_main_unittest.py::TestInitializeRuntimes::test_initialize_runtimes_client
FAILED tsercom/runtime/runtime_main_unittest.py::TestInitializeRuntimes::test_initialize_runtimes_server
FAILED tsercom/runtime/runtime_main_unittest.py::TestInitializeRuntimes::test_initialize_runtimes_multiple
FAILED tsercom/runtime_e2etest.py::test_out_of_process_init - AttributeError:...
FAILED tsercom/runtime_e2etest.py::test_in_process_init - AttributeError: 'co...
ERROR tsercom/api/split_process/remote_runtime_factory_unittest.py::test_init
ERROR tsercom/api/split_process/remote_runtime_factory_unittest.py::test_create_method
ERROR tsercom/api/split_process/remote_runtime_factory_unittest.py::test_remote_data_reader_method
ERROR tsercom/api/split_process/remote_runtime_factory_unittest.py::test_event_poller_method
ERROR tsercom/runtime/client/client_runtime_data_handler_unittest.py::TestClientRuntimeDataHandler::test_init
ERROR tsercom/runtime/client/client_runtime_data_handler_unittest.py::TestClientRuntimeDataHandler::test_register_caller
ERROR tsercom/runtime/client/client_runtime_data_handler_unittest.py::TestClientRuntimeDataHandler::test_unregister_caller_valid_id
ERROR tsercom/runtime/client/client_runtime_data_handler_unittest.py::TestClientRuntimeDataHandler::test_unregister_caller_invalid_id_not_found
ERROR tsercom/runtime/client/client_runtime_data_handler_unittest.py::TestClientRuntimeDataHandler::test_try_get_caller_id
ERROR tsercom/runtime/client/client_runtime_data_handler_unittest.py::TestClientRuntimeDataHandler::test_try_get_caller_id_not_found
ERROR tsercom/runtime/runtime_data_handler_base_unittest.py::TestRuntimeDataHandlerBaseBehavior::test_constructor
ERROR tsercom/runtime/runtime_data_handler_base_unittest.py::TestRuntimeDataHandlerBaseBehavior::test_register_caller_endpoint_port
ERROR tsercom/runtime/runtime_data_handler_base_unittest.py::TestRuntimeDataHandlerBaseBehavior::test_register_caller_grpc_context_success
ERROR tsercom/runtime/runtime_data_handler_base_unittest.py::TestRuntimeDataHandlerBaseBehavior::test_register_caller_grpc_context_no_ip
ERROR tsercom/runtime/runtime_data_handler_base_unittest.py::TestRuntimeDataHandlerBaseBehavior::test_get_data_iterator_returns_self
ERROR tsercom/runtime/runtime_data_handler_base_unittest.py::TestRuntimeDataHandlerBaseBehavior::test_async_iteration_with_event_source
ERROR tsercom/runtime/runtime_data_handler_base_unittest.py::TestRuntimeDataHandlerBaseBehavior::test_check_for_caller_id
ERROR tsercom/runtime/runtime_data_handler_base_unittest.py::TestRuntimeDataHandlerBaseBehavior::test_handler_on_data_ready_calls_reader_on_data_ready
ERROR tsercom/runtime/runtime_data_handler_base_unittest.py::TestRuntimeDataHandlerBaseBehavior::test_processor_desynchronize
ERROR tsercom/runtime/runtime_data_handler_base_unittest.py::TestRuntimeDataHandlerBaseBehavior::test_processor_deregister_caller
ERROR tsercom/runtime/runtime_data_handler_base_unittest.py::TestRuntimeDataHandlerBaseBehavior::test_processor_process_data_with_datetime
ERROR tsercom/runtime/runtime_data_handler_base_unittest.py::TestRuntimeDataHandlerBaseBehavior::test_processor_process_data_with_server_timestamp
ERROR tsercom/runtime/runtime_data_handler_base_unittest.py::TestRuntimeDataHandlerBaseBehavior::test_processor_process_data_no_timestamp
ERROR tsercom/runtime/runtime_data_handler_base_unittest.py::TestRuntimeDataHandlerBaseRegisterCaller::test_register_caller_with_endpoint_port_success
ERROR tsercom/runtime/runtime_data_handler_base_unittest.py::TestRuntimeDataHandlerBaseRegisterCaller::test_register_caller_with_context_success
ERROR tsercom/runtime/runtime_data_handler_base_unittest.py::TestRuntimeDataHandlerBaseRegisterCaller::test_register_caller_with_context_ip_none_returns_none
ERROR tsercom/runtime/runtime_data_handler_base_unittest.py::TestRuntimeDataHandlerBaseRegisterCaller::test_register_caller_with_context_port_none_raises_value_error
ERROR tsercom/runtime/runtime_data_handler_base_unittest.py::TestRuntimeDataHandlerBaseRegisterCaller::test_register_caller_mutex_args_endpoint_context
ERROR tsercom/runtime/runtime_data_handler_base_unittest.py::TestRuntimeDataHandlerBaseRegisterCaller::test_register_caller_mutex_args_none
ERROR tsercom/runtime/runtime_data_handler_base_unittest.py::TestRuntimeDataHandlerBaseRegisterCaller::test_register_caller_endpoint_without_port
ERROR tsercom/runtime/runtime_data_handler_base_unittest.py::TestRuntimeDataHandlerBaseRegisterCaller::test_register_caller_port_without_endpoint
ERROR tsercom/runtime/runtime_data_handler_base_unittest.py::TestRuntimeDataHandlerBaseRegisterCaller::test_register_caller_context_is_not_servicer_context_raises_type_error
ERROR tsercom/runtime/server/server_runtime_data_handler_unittest.py::TestServerRuntimeDataHandler::test_init
ERROR tsercom/runtime/server/server_runtime_data_handler_unittest.py::TestServerRuntimeDataHandler::test_register_caller
ERROR tsercom/runtime/server/server_runtime_data_handler_unittest.py::TestServerRuntimeDataHandler::test_unregister_caller
ERROR tsercom/runtime/server/server_runtime_data_handler_unittest.py::TestServerRuntimeDataHandler::test_try_get_caller_id
ERROR tsercom/runtime/server/server_runtime_data_handler_unittest.py::TestServerRuntimeDataHandler::test_try_get_caller_id_not_found
= 24 failed, 458 passed, 1 skipped, 3 warnings, 37 errors in 93.47s (0:01:33) ==
