============================= test session starts ==============================
platform linux -- Python 3.10.17, pytest-8.3.5, pluggy-1.5.0
rootdir: /app
configfile: pyproject.toml
plugins: mock-3.14.1, timeout-2.4.0, asyncio-1.0.0, anyio-4.9.0, cov-6.1.1, json-report-1.5.0, metadata-3.1.1
timeout: 120.0s
timeout method: signal
timeout func_only: False
asyncio: mode=strict, asyncio_default_fixture_loop_scope=function, asyncio_default_test_loop_scope=function
collected 520 items

tsercom/api/local_process/local_runtime_factory_factory_unittest.py .... [  0%]
...                                                                      [  1%]
tsercom/api/local_process/local_runtime_factory_unittest.py ....         [  2%]
tsercom/api/local_process/runtime_command_bridge_unittest.py ........... [  4%]
......                                                                   [  5%]
tsercom/api/local_process/runtime_wrapper_unittest.py .........          [  7%]
tsercom/api/runtime_manager_unittest.py .................                [ 10%]
tsercom/api/split_process/data_reader_sink_unittest.py ......            [ 11%]
tsercom/api/split_process/data_reader_source_unittest.py ..........      [ 13%]
tsercom/api/split_process/event_source_unittest.py .......               [ 14%]
tsercom/api/split_process/remote_runtime_factory_unittest.py ....        [ 15%]
tsercom/api/split_process/runtime_command_source_unittest.py .........   [ 17%]
tsercom/api/split_process/shim_runtime_handle_unittest.py ........       [ 18%]
tsercom/api/split_process/split_process_error_watcher_sink_unittest.py . [ 19%]
..                                                                       [ 19%]
tsercom/api/split_process/split_process_error_watcher_source_unittest.py . [ 19%]
......                                                                   [ 20%]
tsercom/api/split_process/split_runtime_factory_factory_unittest.py ..   [ 21%]
tsercom/caller_id/caller_id_map_unittest.py .....                        [ 22%]
tsercom/caller_id/caller_identifier_unittest.py ..............           [ 24%]
tsercom/caller_id/caller_identifier_waiter_unittest.py ....              [ 25%]
tsercom/caller_id/client_id_fetcher_unittest.py .......                  [ 26%]
tsercom/data/data_host_base_unittest.py .....                            [ 27%]
tsercom/data/data_timeout_tracker_unittest.py ..........                 [ 29%]
tsercom/data/exposed_data_with_responder_unittest.py .....               [ 30%]
tsercom/data/remote_data_aggregator_impl_unittest.py ................... [ 34%]
.                                                                        [ 34%]
tsercom/data/remote_data_organizer_unittest.py ......................... [ 39%]
.                                                                        [ 39%]
tsercom/discovery/discovery_host_unittest.py .......                     [ 40%]
tsercom/discovery/mdns/instance_listener_unittest.py ...........         [ 43%]
tsercom/discovery/mdns/instance_publisher_unittest.py .................. [ 46%]
.                                                                        [ 46%]
tsercom/discovery/service_connector_unittest.py ........                 [ 48%]
tsercom/discovery_e2etest.py ......                                      [ 49%]
tsercom/rpc/connection/client_disconnection_retrier_unittest.py .......  [ 50%]
tsercom/rpc/serialization/caller_id_extraction_unittest.py ............  [ 53%]
tsercom/rpc_e2etest.py .............                                     [ 55%]
tsercom/runtime/client/client_runtime_data_handler_unittest.py ......    [ 56%]
tsercom/runtime/client/timesync_tracker_unittest.py ......               [ 57%]
tsercom/runtime/id_tracker_unittest.py ...............                   [ 60%]
tsercom/runtime/runtime_config_unittest.py ...............               [ 63%]
tsercom/runtime/runtime_data_handler_base_unittest.py .................. [ 67%]
....                                                                     [ 67%]
tsercom/runtime/runtime_main_unittest.py .....                           [ 68%]
tsercom/runtime/server/server_runtime_data_handler_unittest.py .....     [ 69%]
tsercom/runtime_e2etest.py ......                                        [ 70%]
tsercom/threading/aio/aio_utils_unittest.py .......                      [ 72%]
tsercom/threading/aio/event_loop_factory_unittest.py .                   [ 72%]
tsercom/threading/aio/global_event_loop_unittest.py .........            [ 74%]
tsercom/threading/async_poller_unittest.py ...............               [ 77%]
tsercom/threading/atomic_unittest.py ......                              [ 78%]
tsercom/threading/multiprocess/multiprocess_queue_sink_unittest.py ....  [ 79%]
tsercom/threading/thread_safe_queue_unittest.py .......                  [ 80%]
tsercom/threading/thread_watcher_unittest.py ............                [ 82%]
tsercom/threading/throwing_thread_pool_executor_unittest.py ........     [ 84%]
tsercom/threading/throwing_thread_unittest.py .....s                     [ 85%]
tsercom/timesync/client/client_synchronized_clock_unittest.py .......... [ 87%]
                                                                         [ 87%]
tsercom/timesync/client/fake_time_sync_client_unittest.py ........       [ 88%]
tsercom/timesync/client/time_sync_client_unittest.py ..............      [ 91%]
tsercom/timesync/common/fake_synchronized_clock_unittest.py ...          [ 92%]
tsercom/timesync/common/synchronized_clock_unittest.py .....             [ 93%]
tsercom/timesync/common/synchronized_timestamp_unittest.py ............. [ 95%]
..                                                                       [ 95%]
tsercom/timesync/server/server_synchronized_clock_unittest.py ...        [ 96%]
tsercom/util/ip_unittest.py ........                                     [ 98%]
tsercom/util/is_running_tracker_unittest.py ........                     [ 99%]
tsercom/util/stopable_unittest.py ..                                     [100%]

=============================== warnings summary ===============================
.:0
  :0: PytestCollectionWarning: cannot collect test class 'TestConnectionCall' because it has a __init__ constructor (from: tsercom/rpc_e2etest.py)

.:0
  :0: PytestCollectionWarning: cannot collect test class 'TestConnectionResponse' because it has a __init__ constructor (from: tsercom/rpc_e2etest.py)

tsercom/rpc_e2etest.py: 13 warnings
  /home/swebot/.local/lib/python3.10/site-packages/pytest_asyncio/plugin.py:880: RuntimeWarning: Error cleaning up asyncio loop: Event loop stopped before Future completed.
    warnings.warn(f"Error cleaning up asyncio loop: {e}", RuntimeWarning)

-- Docs: https://docs.pytest.org/en/stable/how-to/capture-warnings.html
============ 519 passed, 1 skipped, 15 warnings in 77.76s (0:01:17) ============
